{"/Users/metikul/Documents/cursor/macfyi/src/App.tsx": {"path":"/Users/metikul/Documents/cursor/macfyi/src/App.tsx","all":true,"statementMap":{"0":{"start":{"line":1,"column":0},"end":{"line":1,"column":106}},"1":{"start":{"line":2,"column":0},"end":{"line":2,"column":48}},"2":{"start":{"line":3,"column":0},"end":{"line":3,"column":65}},"3":{"start":{"line":4,"column":0},"end":{"line":4,"column":69}},"14":{"start":{"line":15,"column":0},"end":{"line":15,"column":8}},"25":{"start":{"line":26,"column":0},"end":{"line":26,"column":70}},"26":{"start":{"line":27,"column":0},"end":{"line":27,"column":52}},"27":{"start":{"line":28,"column":0},"end":{"line":28,"column":58}},"28":{"start":{"line":29,"column":0},"end":{"line":29,"column":52}},"29":{"start":{"line":30,"column":0},"end":{"line":30,"column":41}},"30":{"start":{"line":31,"column":0},"end":{"line":31,"column":58}},"31":{"start":{"line":32,"column":0},"end":{"line":32,"column":62}},"32":{"start":{"line":33,"column":0},"end":{"line":33,"column":78}},"33":{"start":{"line":34,"column":0},"end":{"line":34,"column":8}},"38":{"start":{"line":39,"column":0},"end":{"line":39,"column":65}},"39":{"start":{"line":40,"column":0},"end":{"line":40,"column":80}},"40":{"start":{"line":41,"column":0},"end":{"line":41,"column":63}},"41":{"start":{"line":42,"column":0},"end":{"line":42,"column":55}},"42":{"start":{"line":43,"column":0},"end":{"line":43,"column":61}},"43":{"start":{"line":44,"column":0},"end":{"line":44,"column":49}},"44":{"start":{"line":45,"column":0},"end":{"line":45,"column":54}},"45":{"start":{"line":46,"column":0},"end":{"line":46,"column":65}},"46":{"start":{"line":47,"column":0},"end":{"line":47,"column":79}},"47":{"start":{"line":48,"column":0},"end":{"line":48,"column":59}},"48":{"start":{"line":49,"column":0},"end":{"line":49,"column":62}},"49":{"start":{"line":50,"column":0},"end":{"line":50,"column":64}},"51":{"start":{"line":52,"column":0},"end":{"line":52,"column":34}},"52":{"start":{"line":53,"column":0},"end":{"line":53,"column":49}},"53":{"start":{"line":54,"column":0},"end":{"line":54,"column":32}},"54":{"start":{"line":55,"column":0},"end":{"line":55,"column":3}},"55":{"start":{"line":56,"column":0},"end":{"line":56,"column":38}},"56":{"start":{"line":57,"column":0},"end":{"line":57,"column":53}},"57":{"start":{"line":58,"column":0},"end":{"line":58,"column":36}},"58":{"start":{"line":59,"column":0},"end":{"line":59,"column":3}},"59":{"start":{"line":60,"column":0},"end":{"line":60,"column":43}},"60":{"start":{"line":61,"column":0},"end":{"line":61,"column":58}},"61":{"start":{"line":62,"column":0},"end":{"line":62,"column":41}},"62":{"start":{"line":63,"column":0},"end":{"line":63,"column":3}},"63":{"start":{"line":64,"column":0},"end":{"line":64,"column":40}},"64":{"start":{"line":65,"column":0},"end":{"line":65,"column":55}},"65":{"start":{"line":66,"column":0},"end":{"line":66,"column":38}},"66":{"start":{"line":67,"column":0},"end":{"line":67,"column":3}},"67":{"start":{"line":68,"column":0},"end":{"line":68,"column":40}},"68":{"start":{"line":69,"column":0},"end":{"line":69,"column":55}},"69":{"start":{"line":70,"column":0},"end":{"line":70,"column":38}},"70":{"start":{"line":71,"column":0},"end":{"line":71,"column":3}},"71":{"start":{"line":72,"column":0},"end":{"line":72,"column":43}},"72":{"start":{"line":73,"column":0},"end":{"line":73,"column":58}},"73":{"start":{"line":74,"column":0},"end":{"line":74,"column":41}},"74":{"start":{"line":75,"column":0},"end":{"line":75,"column":3}},"75":{"start":{"line":76,"column":0},"end":{"line":76,"column":40}},"76":{"start":{"line":77,"column":0},"end":{"line":77,"column":55}},"77":{"start":{"line":78,"column":0},"end":{"line":78,"column":38}},"78":{"start":{"line":79,"column":0},"end":{"line":79,"column":3}},"79":{"start":{"line":80,"column":0},"end":{"line":80,"column":45}},"80":{"start":{"line":81,"column":0},"end":{"line":81,"column":60}},"81":{"start":{"line":82,"column":0},"end":{"line":82,"column":43}},"82":{"start":{"line":83,"column":0},"end":{"line":83,"column":3}},"83":{"start":{"line":84,"column":0},"end":{"line":84,"column":40}},"84":{"start":{"line":85,"column":0},"end":{"line":85,"column":55}},"85":{"start":{"line":86,"column":0},"end":{"line":86,"column":38}},"86":{"start":{"line":87,"column":0},"end":{"line":87,"column":3}},"87":{"start":{"line":88,"column":0},"end":{"line":88,"column":46}},"88":{"start":{"line":89,"column":0},"end":{"line":89,"column":61}},"89":{"start":{"line":90,"column":0},"end":{"line":90,"column":44}},"90":{"start":{"line":91,"column":0},"end":{"line":91,"column":3}},"91":{"start":{"line":92,"column":0},"end":{"line":92,"column":42}},"92":{"start":{"line":93,"column":0},"end":{"line":93,"column":57}},"93":{"start":{"line":94,"column":0},"end":{"line":94,"column":40}},"94":{"start":{"line":95,"column":0},"end":{"line":95,"column":3}},"95":{"start":{"line":96,"column":0},"end":{"line":96,"column":39}},"96":{"start":{"line":97,"column":0},"end":{"line":97,"column":54}},"97":{"start":{"line":98,"column":0},"end":{"line":98,"column":37}},"98":{"start":{"line":99,"column":0},"end":{"line":99,"column":3}},"100":{"start":{"line":101,"column":0},"end":{"line":101,"column":25}},"101":{"start":{"line":102,"column":0},"end":{"line":102,"column":26}},"102":{"start":{"line":103,"column":0},"end":{"line":103,"column":116}},"103":{"start":{"line":104,"column":0},"end":{"line":104,"column":1}},"105":{"start":{"line":106,"column":0},"end":{"line":106,"column":115}},"106":{"start":{"line":107,"column":0},"end":{"line":107,"column":83}},"108":{"start":{"line":109,"column":0},"end":{"line":109,"column":63}},"109":{"start":{"line":110,"column":0},"end":{"line":110,"column":42}},"110":{"start":{"line":111,"column":0},"end":{"line":111,"column":16}},"111":{"start":{"line":112,"column":0},"end":{"line":112,"column":26}},"112":{"start":{"line":113,"column":0},"end":{"line":113,"column":28}},"113":{"start":{"line":114,"column":0},"end":{"line":114,"column":41}},"114":{"start":{"line":115,"column":0},"end":{"line":115,"column":7}},"115":{"start":{"line":116,"column":0},"end":{"line":116,"column":5}},"116":{"start":{"line":117,"column":0},"end":{"line":117,"column":92}},"117":{"start":{"line":118,"column":0},"end":{"line":118,"column":51}},"118":{"start":{"line":119,"column":0},"end":{"line":119,"column":1}},"120":{"start":{"line":121,"column":0},"end":{"line":121,"column":83}},"121":{"start":{"line":122,"column":0},"end":{"line":122,"column":94}},"122":{"start":{"line":123,"column":0},"end":{"line":123,"column":97}},"123":{"start":{"line":124,"column":0},"end":{"line":124,"column":17}},"124":{"start":{"line":125,"column":0},"end":{"line":125,"column":1}},"126":{"start":{"line":127,"column":0},"end":{"line":127,"column":22}},"127":{"start":{"line":128,"column":0},"end":{"line":128,"column":8}},"128":{"start":{"line":129,"column":0},"end":{"line":129,"column":14}},"129":{"start":{"line":130,"column":0},"end":{"line":130,"column":14}},"130":{"start":{"line":131,"column":0},"end":{"line":131,"column":11}},"131":{"start":{"line":132,"column":0},"end":{"line":132,"column":4}},"136":{"start":{"line":137,"column":0},"end":{"line":137,"column":4}},"137":{"start":{"line":138,"column":0},"end":{"line":138,"column":10}},"138":{"start":{"line":139,"column":0},"end":{"line":139,"column":78}},"139":{"start":{"line":140,"column":0},"end":{"line":140,"column":32}},"140":{"start":{"line":141,"column":0},"end":{"line":141,"column":85}},"141":{"start":{"line":142,"column":0},"end":{"line":142,"column":67}},"142":{"start":{"line":143,"column":0},"end":{"line":143,"column":15}},"143":{"start":{"line":144,"column":0},"end":{"line":144,"column":23}},"144":{"start":{"line":145,"column":0},"end":{"line":145,"column":28}},"145":{"start":{"line":146,"column":0},"end":{"line":146,"column":38}},"147":{"start":{"line":148,"column":0},"end":{"line":148,"column":23}},"148":{"start":{"line":149,"column":0},"end":{"line":149,"column":17}},"149":{"start":{"line":150,"column":0},"end":{"line":150,"column":12}},"150":{"start":{"line":151,"column":0},"end":{"line":151,"column":10}},"152":{"start":{"line":153,"column":0},"end":{"line":153,"column":1}},"154":{"start":{"line":155,"column":0},"end":{"line":155,"column":22}},"155":{"start":{"line":156,"column":0},"end":{"line":156,"column":8}},"156":{"start":{"line":157,"column":0},"end":{"line":157,"column":11}},"157":{"start":{"line":158,"column":0},"end":{"line":158,"column":10}},"158":{"start":{"line":159,"column":0},"end":{"line":159,"column":14}},"159":{"start":{"line":160,"column":0},"end":{"line":160,"column":11}},"160":{"start":{"line":161,"column":0},"end":{"line":161,"column":7}},"161":{"start":{"line":162,"column":0},"end":{"line":162,"column":4}},"168":{"start":{"line":169,"column":0},"end":{"line":169,"column":4}},"169":{"start":{"line":170,"column":0},"end":{"line":170,"column":10}},"170":{"start":{"line":171,"column":0},"end":{"line":171,"column":72}},"171":{"start":{"line":172,"column":0},"end":{"line":172,"column":108}},"172":{"start":{"line":173,"column":0},"end":{"line":173,"column":62}},"173":{"start":{"line":174,"column":0},"end":{"line":174,"column":36}},"174":{"start":{"line":175,"column":0},"end":{"line":175,"column":186}},"175":{"start":{"line":176,"column":0},"end":{"line":176,"column":280}},"176":{"start":{"line":177,"column":0},"end":{"line":177,"column":22}},"177":{"start":{"line":178,"column":0},"end":{"line":178,"column":20}},"178":{"start":{"line":179,"column":0},"end":{"line":179,"column":18}},"179":{"start":{"line":180,"column":0},"end":{"line":180,"column":107}},"180":{"start":{"line":181,"column":0},"end":{"line":181,"column":16}},"181":{"start":{"line":182,"column":0},"end":{"line":182,"column":14}},"182":{"start":{"line":183,"column":0},"end":{"line":183,"column":13}},"183":{"start":{"line":184,"column":0},"end":{"line":184,"column":166}},"184":{"start":{"line":185,"column":0},"end":{"line":185,"column":19}},"185":{"start":{"line":186,"column":0},"end":{"line":186,"column":15}},"186":{"start":{"line":187,"column":0},"end":{"line":187,"column":109}},"187":{"start":{"line":188,"column":0},"end":{"line":188,"column":22}},"188":{"start":{"line":189,"column":0},"end":{"line":189,"column":14}},"189":{"start":{"line":190,"column":0},"end":{"line":190,"column":62}},"190":{"start":{"line":191,"column":0},"end":{"line":191,"column":33}},"191":{"start":{"line":192,"column":0},"end":{"line":192,"column":104}},"192":{"start":{"line":193,"column":0},"end":{"line":193,"column":82}},"193":{"start":{"line":194,"column":0},"end":{"line":194,"column":19}},"194":{"start":{"line":195,"column":0},"end":{"line":195,"column":19}},"195":{"start":{"line":196,"column":0},"end":{"line":196,"column":15}},"196":{"start":{"line":197,"column":0},"end":{"line":197,"column":15}},"197":{"start":{"line":198,"column":0},"end":{"line":198,"column":39}},"198":{"start":{"line":199,"column":0},"end":{"line":199,"column":19}},"199":{"start":{"line":200,"column":0},"end":{"line":200,"column":27}},"200":{"start":{"line":201,"column":0},"end":{"line":201,"column":32}},"201":{"start":{"line":202,"column":0},"end":{"line":202,"column":79}},"203":{"start":{"line":204,"column":0},"end":{"line":204,"column":27}},"204":{"start":{"line":205,"column":0},"end":{"line":205,"column":21}},"206":{"start":{"line":207,"column":0},"end":{"line":207,"column":14}},"207":{"start":{"line":208,"column":0},"end":{"line":208,"column":12}},"208":{"start":{"line":209,"column":0},"end":{"line":209,"column":10}},"210":{"start":{"line":211,"column":0},"end":{"line":211,"column":1}},"213":{"start":{"line":214,"column":0},"end":{"line":214,"column":18}},"214":{"start":{"line":215,"column":0},"end":{"line":215,"column":46}},"216":{"start":{"line":217,"column":0},"end":{"line":217,"column":100}},"217":{"start":{"line":218,"column":0},"end":{"line":218,"column":17}},"218":{"start":{"line":219,"column":0},"end":{"line":219,"column":19}},"219":{"start":{"line":220,"column":0},"end":{"line":220,"column":30}},"220":{"start":{"line":221,"column":0},"end":{"line":221,"column":37}},"221":{"start":{"line":222,"column":0},"end":{"line":222,"column":4}},"222":{"start":{"line":223,"column":0},"end":{"line":223,"column":12}},"223":{"start":{"line":224,"column":0},"end":{"line":224,"column":19}},"224":{"start":{"line":225,"column":0},"end":{"line":225,"column":31}},"225":{"start":{"line":226,"column":0},"end":{"line":226,"column":35}},"226":{"start":{"line":227,"column":0},"end":{"line":227,"column":4}},"227":{"start":{"line":228,"column":0},"end":{"line":228,"column":17}},"228":{"start":{"line":229,"column":0},"end":{"line":229,"column":19}},"229":{"start":{"line":230,"column":0},"end":{"line":230,"column":33}},"230":{"start":{"line":231,"column":0},"end":{"line":231,"column":37}},"231":{"start":{"line":232,"column":0},"end":{"line":232,"column":4}},"232":{"start":{"line":233,"column":0},"end":{"line":233,"column":12}},"233":{"start":{"line":234,"column":0},"end":{"line":234,"column":19}},"234":{"start":{"line":235,"column":0},"end":{"line":235,"column":31}},"235":{"start":{"line":236,"column":0},"end":{"line":236,"column":35}},"236":{"start":{"line":237,"column":0},"end":{"line":237,"column":4}},"237":{"start":{"line":238,"column":0},"end":{"line":238,"column":12}},"238":{"start":{"line":239,"column":0},"end":{"line":239,"column":19}},"239":{"start":{"line":240,"column":0},"end":{"line":240,"column":31}},"240":{"start":{"line":241,"column":0},"end":{"line":241,"column":35}},"241":{"start":{"line":242,"column":0},"end":{"line":242,"column":4}},"242":{"start":{"line":243,"column":0},"end":{"line":243,"column":13}},"243":{"start":{"line":244,"column":0},"end":{"line":244,"column":19}},"244":{"start":{"line":245,"column":0},"end":{"line":245,"column":32}},"245":{"start":{"line":246,"column":0},"end":{"line":246,"column":36}},"246":{"start":{"line":247,"column":0},"end":{"line":247,"column":4}},"247":{"start":{"line":248,"column":0},"end":{"line":248,"column":16}},"248":{"start":{"line":249,"column":0},"end":{"line":249,"column":19}},"249":{"start":{"line":250,"column":0},"end":{"line":250,"column":35}},"250":{"start":{"line":251,"column":0},"end":{"line":251,"column":39}},"251":{"start":{"line":252,"column":0},"end":{"line":252,"column":4}},"252":{"start":{"line":253,"column":0},"end":{"line":253,"column":17}},"253":{"start":{"line":254,"column":0},"end":{"line":254,"column":19}},"254":{"start":{"line":255,"column":0},"end":{"line":255,"column":33}},"255":{"start":{"line":256,"column":0},"end":{"line":256,"column":37}},"256":{"start":{"line":257,"column":0},"end":{"line":257,"column":4}},"257":{"start":{"line":258,"column":0},"end":{"line":258,"column":16}},"258":{"start":{"line":259,"column":0},"end":{"line":259,"column":19}},"259":{"start":{"line":260,"column":0},"end":{"line":260,"column":30}},"260":{"start":{"line":261,"column":0},"end":{"line":261,"column":39}},"261":{"start":{"line":262,"column":0},"end":{"line":262,"column":4}},"262":{"start":{"line":263,"column":0},"end":{"line":263,"column":20}},"263":{"start":{"line":264,"column":0},"end":{"line":264,"column":19}},"264":{"start":{"line":265,"column":0},"end":{"line":265,"column":36}},"265":{"start":{"line":266,"column":0},"end":{"line":266,"column":40}},"266":{"start":{"line":267,"column":0},"end":{"line":267,"column":4}},"267":{"start":{"line":268,"column":0},"end":{"line":268,"column":2}},"269":{"start":{"line":270,"column":0},"end":{"line":270,"column":31}},"270":{"start":{"line":271,"column":0},"end":{"line":271,"column":26}},"271":{"start":{"line":272,"column":0},"end":{"line":272,"column":60}},"272":{"start":{"line":273,"column":0},"end":{"line":273,"column":84}},"273":{"start":{"line":274,"column":0},"end":{"line":274,"column":78}},"274":{"start":{"line":275,"column":0},"end":{"line":275,"column":87}},"275":{"start":{"line":276,"column":0},"end":{"line":276,"column":58}},"276":{"start":{"line":277,"column":0},"end":{"line":277,"column":103}},"277":{"start":{"line":278,"column":0},"end":{"line":278,"column":60}},"278":{"start":{"line":279,"column":0},"end":{"line":279,"column":58}},"279":{"start":{"line":280,"column":0},"end":{"line":280,"column":62}},"280":{"start":{"line":281,"column":0},"end":{"line":281,"column":99}},"281":{"start":{"line":282,"column":0},"end":{"line":282,"column":60}},"282":{"start":{"line":283,"column":0},"end":{"line":283,"column":60}},"283":{"start":{"line":284,"column":0},"end":{"line":284,"column":95}},"284":{"start":{"line":285,"column":0},"end":{"line":285,"column":70}},"285":{"start":{"line":286,"column":0},"end":{"line":286,"column":67}},"286":{"start":{"line":287,"column":0},"end":{"line":287,"column":48}},"287":{"start":{"line":288,"column":0},"end":{"line":288,"column":52}},"288":{"start":{"line":289,"column":0},"end":{"line":289,"column":75}},"289":{"start":{"line":290,"column":0},"end":{"line":290,"column":60}},"290":{"start":{"line":291,"column":0},"end":{"line":291,"column":68}},"291":{"start":{"line":292,"column":0},"end":{"line":292,"column":56}},"292":{"start":{"line":293,"column":0},"end":{"line":293,"column":88}},"293":{"start":{"line":294,"column":0},"end":{"line":294,"column":61}},"294":{"start":{"line":295,"column":0},"end":{"line":295,"column":78}},"295":{"start":{"line":296,"column":0},"end":{"line":296,"column":4}},"296":{"start":{"line":297,"column":0},"end":{"line":297,"column":82}},"297":{"start":{"line":298,"column":0},"end":{"line":298,"column":72}},"298":{"start":{"line":299,"column":0},"end":{"line":299,"column":58}},"299":{"start":{"line":300,"column":0},"end":{"line":300,"column":54}},"300":{"start":{"line":301,"column":0},"end":{"line":301,"column":53}},"301":{"start":{"line":302,"column":0},"end":{"line":302,"column":87}},"302":{"start":{"line":303,"column":0},"end":{"line":303,"column":66}},"303":{"start":{"line":304,"column":0},"end":{"line":304,"column":43}},"304":{"start":{"line":305,"column":0},"end":{"line":305,"column":77}},"305":{"start":{"line":306,"column":0},"end":{"line":306,"column":58}},"306":{"start":{"line":307,"column":0},"end":{"line":307,"column":76}},"307":{"start":{"line":308,"column":0},"end":{"line":308,"column":91}},"308":{"start":{"line":309,"column":0},"end":{"line":309,"column":88}},"309":{"start":{"line":310,"column":0},"end":{"line":310,"column":78}},"310":{"start":{"line":311,"column":0},"end":{"line":311,"column":84}},"311":{"start":{"line":312,"column":0},"end":{"line":312,"column":88}},"312":{"start":{"line":313,"column":0},"end":{"line":313,"column":84}},"313":{"start":{"line":314,"column":0},"end":{"line":314,"column":64}},"314":{"start":{"line":315,"column":0},"end":{"line":315,"column":56}},"315":{"start":{"line":316,"column":0},"end":{"line":316,"column":82}},"316":{"start":{"line":317,"column":0},"end":{"line":317,"column":44}},"317":{"start":{"line":318,"column":0},"end":{"line":318,"column":52}},"319":{"start":{"line":320,"column":0},"end":{"line":320,"column":40}},"321":{"start":{"line":322,"column":0},"end":{"line":322,"column":48}},"322":{"start":{"line":323,"column":0},"end":{"line":323,"column":31}},"323":{"start":{"line":324,"column":0},"end":{"line":324,"column":54}},"324":{"start":{"line":325,"column":0},"end":{"line":325,"column":29}},"325":{"start":{"line":326,"column":0},"end":{"line":326,"column":84}},"326":{"start":{"line":327,"column":0},"end":{"line":327,"column":49}},"327":{"start":{"line":328,"column":0},"end":{"line":328,"column":40}},"328":{"start":{"line":329,"column":0},"end":{"line":329,"column":36}},"329":{"start":{"line":330,"column":0},"end":{"line":330,"column":30}},"330":{"start":{"line":331,"column":0},"end":{"line":331,"column":11}},"331":{"start":{"line":332,"column":0},"end":{"line":332,"column":50}},"332":{"start":{"line":333,"column":0},"end":{"line":333,"column":30}},"333":{"start":{"line":334,"column":0},"end":{"line":334,"column":25}},"334":{"start":{"line":335,"column":0},"end":{"line":335,"column":27}},"335":{"start":{"line":336,"column":0},"end":{"line":336,"column":11}},"336":{"start":{"line":337,"column":0},"end":{"line":337,"column":48}},"337":{"start":{"line":338,"column":0},"end":{"line":338,"column":47}},"338":{"start":{"line":339,"column":0},"end":{"line":339,"column":16}},"339":{"start":{"line":340,"column":0},"end":{"line":340,"column":21}},"340":{"start":{"line":341,"column":0},"end":{"line":341,"column":103}},"341":{"start":{"line":342,"column":0},"end":{"line":342,"column":39}},"342":{"start":{"line":343,"column":0},"end":{"line":343,"column":9}},"343":{"start":{"line":344,"column":0},"end":{"line":344,"column":48}},"344":{"start":{"line":345,"column":0},"end":{"line":345,"column":50}},"345":{"start":{"line":346,"column":0},"end":{"line":346,"column":55}},"346":{"start":{"line":347,"column":0},"end":{"line":347,"column":21}},"347":{"start":{"line":348,"column":0},"end":{"line":348,"column":103}},"348":{"start":{"line":349,"column":0},"end":{"line":349,"column":78}},"349":{"start":{"line":350,"column":0},"end":{"line":350,"column":9}},"350":{"start":{"line":351,"column":0},"end":{"line":351,"column":48}},"351":{"start":{"line":352,"column":0},"end":{"line":352,"column":42}},"352":{"start":{"line":353,"column":0},"end":{"line":353,"column":34}},"353":{"start":{"line":354,"column":0},"end":{"line":354,"column":16}},"354":{"start":{"line":355,"column":0},"end":{"line":355,"column":21}},"355":{"start":{"line":356,"column":0},"end":{"line":356,"column":103}},"356":{"start":{"line":357,"column":0},"end":{"line":357,"column":33}},"357":{"start":{"line":358,"column":0},"end":{"line":358,"column":9}},"358":{"start":{"line":359,"column":0},"end":{"line":359,"column":53}},"359":{"start":{"line":360,"column":0},"end":{"line":360,"column":17}},"360":{"start":{"line":361,"column":0},"end":{"line":361,"column":52}},"361":{"start":{"line":362,"column":0},"end":{"line":362,"column":43}},"362":{"start":{"line":363,"column":0},"end":{"line":363,"column":7}},"363":{"start":{"line":364,"column":0},"end":{"line":364,"column":6}},"364":{"start":{"line":365,"column":0},"end":{"line":365,"column":6}},"365":{"start":{"line":366,"column":0},"end":{"line":366,"column":4}},"367":{"start":{"line":368,"column":0},"end":{"line":368,"column":19}},"368":{"start":{"line":369,"column":0},"end":{"line":369,"column":35}},"369":{"start":{"line":370,"column":0},"end":{"line":370,"column":70}},"371":{"start":{"line":372,"column":0},"end":{"line":372,"column":23}},"372":{"start":{"line":373,"column":0},"end":{"line":373,"column":44}},"373":{"start":{"line":374,"column":0},"end":{"line":374,"column":6}},"374":{"start":{"line":375,"column":0},"end":{"line":375,"column":35}},"375":{"start":{"line":376,"column":0},"end":{"line":376,"column":38}},"376":{"start":{"line":377,"column":0},"end":{"line":377,"column":59}},"377":{"start":{"line":378,"column":0},"end":{"line":378,"column":66}},"378":{"start":{"line":379,"column":0},"end":{"line":379,"column":12}},"379":{"start":{"line":380,"column":0},"end":{"line":380,"column":46}},"380":{"start":{"line":381,"column":0},"end":{"line":381,"column":5}},"381":{"start":{"line":382,"column":0},"end":{"line":382,"column":18}},"382":{"start":{"line":383,"column":0},"end":{"line":383,"column":84}},"383":{"start":{"line":384,"column":0},"end":{"line":384,"column":42}},"384":{"start":{"line":385,"column":0},"end":{"line":385,"column":7}},"385":{"start":{"line":386,"column":0},"end":{"line":386,"column":66}},"386":{"start":{"line":387,"column":0},"end":{"line":387,"column":6}},"387":{"start":{"line":388,"column":0},"end":{"line":388,"column":78}},"390":{"start":{"line":391,"column":0},"end":{"line":391,"column":19}},"391":{"start":{"line":392,"column":0},"end":{"line":392,"column":35}},"392":{"start":{"line":393,"column":0},"end":{"line":393,"column":70}},"393":{"start":{"line":394,"column":0},"end":{"line":394,"column":42}},"394":{"start":{"line":395,"column":0},"end":{"line":395,"column":71}},"395":{"start":{"line":396,"column":0},"end":{"line":396,"column":74}},"397":{"start":{"line":398,"column":0},"end":{"line":398,"column":19}},"398":{"start":{"line":399,"column":0},"end":{"line":399,"column":23}},"399":{"start":{"line":400,"column":0},"end":{"line":400,"column":25}},"400":{"start":{"line":401,"column":0},"end":{"line":401,"column":12}},"401":{"start":{"line":402,"column":0},"end":{"line":402,"column":26}},"402":{"start":{"line":403,"column":0},"end":{"line":403,"column":5}},"403":{"start":{"line":404,"column":0},"end":{"line":404,"column":21}},"406":{"start":{"line":407,"column":0},"end":{"line":407,"column":19}},"407":{"start":{"line":408,"column":0},"end":{"line":408,"column":21}},"408":{"start":{"line":409,"column":0},"end":{"line":409,"column":39}},"409":{"start":{"line":410,"column":0},"end":{"line":410,"column":43}},"410":{"start":{"line":411,"column":0},"end":{"line":411,"column":38}},"411":{"start":{"line":412,"column":0},"end":{"line":412,"column":6}},"412":{"start":{"line":413,"column":0},"end":{"line":413,"column":23}},"413":{"start":{"line":414,"column":0},"end":{"line":414,"column":42}},"414":{"start":{"line":415,"column":0},"end":{"line":415,"column":23}},"415":{"start":{"line":416,"column":0},"end":{"line":416,"column":11}},"416":{"start":{"line":417,"column":0},"end":{"line":417,"column":39}},"417":{"start":{"line":418,"column":0},"end":{"line":418,"column":20}},"418":{"start":{"line":419,"column":0},"end":{"line":419,"column":34}},"419":{"start":{"line":420,"column":0},"end":{"line":420,"column":37}},"420":{"start":{"line":421,"column":0},"end":{"line":421,"column":9}},"421":{"start":{"line":422,"column":0},"end":{"line":422,"column":15}},"423":{"start":{"line":424,"column":0},"end":{"line":424,"column":7}},"424":{"start":{"line":425,"column":0},"end":{"line":425,"column":23}},"425":{"start":{"line":426,"column":0},"end":{"line":426,"column":25}},"426":{"start":{"line":427,"column":0},"end":{"line":427,"column":43}},"427":{"start":{"line":428,"column":0},"end":{"line":428,"column":11}},"428":{"start":{"line":429,"column":0},"end":{"line":429,"column":51}},"429":{"start":{"line":430,"column":0},"end":{"line":430,"column":27}},"430":{"start":{"line":431,"column":0},"end":{"line":431,"column":54}},"431":{"start":{"line":432,"column":0},"end":{"line":432,"column":92}},"432":{"start":{"line":433,"column":0},"end":{"line":433,"column":51}},"433":{"start":{"line":434,"column":0},"end":{"line":434,"column":65}},"434":{"start":{"line":435,"column":0},"end":{"line":435,"column":9}},"435":{"start":{"line":436,"column":0},"end":{"line":436,"column":15}},"437":{"start":{"line":438,"column":0},"end":{"line":438,"column":7}},"438":{"start":{"line":439,"column":0},"end":{"line":439,"column":23}},"439":{"start":{"line":440,"column":0},"end":{"line":440,"column":25}},"440":{"start":{"line":441,"column":0},"end":{"line":441,"column":40}},"441":{"start":{"line":442,"column":0},"end":{"line":442,"column":51}},"442":{"start":{"line":443,"column":0},"end":{"line":443,"column":55}},"443":{"start":{"line":444,"column":0},"end":{"line":444,"column":66}},"444":{"start":{"line":445,"column":0},"end":{"line":445,"column":25}},"445":{"start":{"line":446,"column":0},"end":{"line":446,"column":24}},"446":{"start":{"line":447,"column":0},"end":{"line":447,"column":28}},"447":{"start":{"line":448,"column":0},"end":{"line":448,"column":9}},"448":{"start":{"line":449,"column":0},"end":{"line":449,"column":18}},"449":{"start":{"line":450,"column":0},"end":{"line":450,"column":20}},"450":{"start":{"line":451,"column":0},"end":{"line":451,"column":6}},"451":{"start":{"line":452,"column":0},"end":{"line":452,"column":10}},"453":{"start":{"line":454,"column":0},"end":{"line":454,"column":19}},"454":{"start":{"line":455,"column":0},"end":{"line":455,"column":46}},"455":{"start":{"line":456,"column":0},"end":{"line":456,"column":45}},"456":{"start":{"line":457,"column":0},"end":{"line":457,"column":13}},"457":{"start":{"line":458,"column":0},"end":{"line":458,"column":5}},"458":{"start":{"line":459,"column":0},"end":{"line":459,"column":104}},"459":{"start":{"line":460,"column":0},"end":{"line":460,"column":56}},"460":{"start":{"line":461,"column":0},"end":{"line":461,"column":87}},"462":{"start":{"line":463,"column":0},"end":{"line":463,"column":19}},"463":{"start":{"line":464,"column":0},"end":{"line":464,"column":52}},"464":{"start":{"line":465,"column":0},"end":{"line":465,"column":90}},"465":{"start":{"line":466,"column":0},"end":{"line":466,"column":52}},"466":{"start":{"line":467,"column":0},"end":{"line":467,"column":71}},"468":{"start":{"line":469,"column":0},"end":{"line":469,"column":19}},"469":{"start":{"line":470,"column":0},"end":{"line":470,"column":52}},"470":{"start":{"line":471,"column":0},"end":{"line":471,"column":77}},"471":{"start":{"line":472,"column":0},"end":{"line":472,"column":53}},"472":{"start":{"line":473,"column":0},"end":{"line":473,"column":75}},"474":{"start":{"line":475,"column":0},"end":{"line":475,"column":19}},"475":{"start":{"line":476,"column":0},"end":{"line":476,"column":52}},"476":{"start":{"line":477,"column":0},"end":{"line":477,"column":21}},"477":{"start":{"line":478,"column":0},"end":{"line":478,"column":24}},"478":{"start":{"line":479,"column":0},"end":{"line":479,"column":62}},"479":{"start":{"line":480,"column":0},"end":{"line":480,"column":6}},"480":{"start":{"line":481,"column":0},"end":{"line":481,"column":59}},"481":{"start":{"line":482,"column":0},"end":{"line":482,"column":84}},"483":{"start":{"line":484,"column":0},"end":{"line":484,"column":19}},"484":{"start":{"line":485,"column":0},"end":{"line":485,"column":52}},"485":{"start":{"line":486,"column":0},"end":{"line":486,"column":21}},"486":{"start":{"line":487,"column":0},"end":{"line":487,"column":17}},"487":{"start":{"line":488,"column":0},"end":{"line":488,"column":80}},"488":{"start":{"line":489,"column":0},"end":{"line":489,"column":6}},"489":{"start":{"line":490,"column":0},"end":{"line":490,"column":52}},"490":{"start":{"line":491,"column":0},"end":{"line":491,"column":89}},"492":{"start":{"line":493,"column":0},"end":{"line":493,"column":19}},"493":{"start":{"line":494,"column":0},"end":{"line":494,"column":42}},"494":{"start":{"line":495,"column":0},"end":{"line":495,"column":21}},"497":{"start":{"line":498,"column":0},"end":{"line":498,"column":19}},"498":{"start":{"line":499,"column":0},"end":{"line":499,"column":35}},"499":{"start":{"line":500,"column":0},"end":{"line":500,"column":26}},"500":{"start":{"line":501,"column":0},"end":{"line":501,"column":30}},"501":{"start":{"line":502,"column":0},"end":{"line":502,"column":45}},"502":{"start":{"line":503,"column":0},"end":{"line":503,"column":11}},"503":{"start":{"line":504,"column":0},"end":{"line":504,"column":71}},"504":{"start":{"line":505,"column":0},"end":{"line":505,"column":47}},"505":{"start":{"line":506,"column":0},"end":{"line":506,"column":86}},"506":{"start":{"line":507,"column":0},"end":{"line":507,"column":15}},"508":{"start":{"line":509,"column":0},"end":{"line":509,"column":7}},"509":{"start":{"line":510,"column":0},"end":{"line":510,"column":6}},"510":{"start":{"line":511,"column":0},"end":{"line":511,"column":16}},"511":{"start":{"line":512,"column":0},"end":{"line":512,"column":73}},"512":{"start":{"line":513,"column":0},"end":{"line":513,"column":18}},"513":{"start":{"line":514,"column":0},"end":{"line":514,"column":23}},"514":{"start":{"line":515,"column":0},"end":{"line":515,"column":31}},"515":{"start":{"line":516,"column":0},"end":{"line":516,"column":6}},"516":{"start":{"line":517,"column":0},"end":{"line":517,"column":26}},"519":{"start":{"line":520,"column":0},"end":{"line":520,"column":19}},"520":{"start":{"line":521,"column":0},"end":{"line":521,"column":44}},"521":{"start":{"line":522,"column":0},"end":{"line":522,"column":23}},"522":{"start":{"line":523,"column":0},"end":{"line":523,"column":20}},"523":{"start":{"line":524,"column":0},"end":{"line":524,"column":32}},"524":{"start":{"line":525,"column":0},"end":{"line":525,"column":35}},"525":{"start":{"line":526,"column":0},"end":{"line":526,"column":8}},"526":{"start":{"line":527,"column":0},"end":{"line":527,"column":23}},"527":{"start":{"line":528,"column":0},"end":{"line":528,"column":62}},"529":{"start":{"line":530,"column":0},"end":{"line":530,"column":19}},"530":{"start":{"line":531,"column":0},"end":{"line":531,"column":56}},"531":{"start":{"line":532,"column":0},"end":{"line":532,"column":17}},"533":{"start":{"line":534,"column":0},"end":{"line":534,"column":19}},"534":{"start":{"line":535,"column":0},"end":{"line":535,"column":57}},"535":{"start":{"line":536,"column":0},"end":{"line":536,"column":17}},"537":{"start":{"line":538,"column":0},"end":{"line":538,"column":19}},"538":{"start":{"line":539,"column":0},"end":{"line":539,"column":58}},"539":{"start":{"line":540,"column":0},"end":{"line":540,"column":56}},"540":{"start":{"line":541,"column":0},"end":{"line":541,"column":63}},"541":{"start":{"line":542,"column":0},"end":{"line":542,"column":32}},"543":{"start":{"line":544,"column":0},"end":{"line":544,"column":25}},"544":{"start":{"line":545,"column":0},"end":{"line":545,"column":90}},"546":{"start":{"line":547,"column":0},"end":{"line":547,"column":42}},"547":{"start":{"line":548,"column":0},"end":{"line":548,"column":104}},"548":{"start":{"line":549,"column":0},"end":{"line":549,"column":107}},"549":{"start":{"line":550,"column":0},"end":{"line":550,"column":32}},"550":{"start":{"line":551,"column":0},"end":{"line":551,"column":20}},"552":{"start":{"line":553,"column":0},"end":{"line":553,"column":39}},"553":{"start":{"line":554,"column":0},"end":{"line":554,"column":43}},"554":{"start":{"line":555,"column":0},"end":{"line":555,"column":43}},"555":{"start":{"line":556,"column":0},"end":{"line":556,"column":49}},"556":{"start":{"line":557,"column":0},"end":{"line":557,"column":66}},"557":{"start":{"line":558,"column":0},"end":{"line":558,"column":43}},"558":{"start":{"line":559,"column":0},"end":{"line":559,"column":40}},"559":{"start":{"line":560,"column":0},"end":{"line":560,"column":41}},"560":{"start":{"line":561,"column":0},"end":{"line":561,"column":5}},"561":{"start":{"line":562,"column":0},"end":{"line":562,"column":15}},"562":{"start":{"line":563,"column":0},"end":{"line":563,"column":62}},"564":{"start":{"line":565,"column":0},"end":{"line":565,"column":64}},"565":{"start":{"line":566,"column":0},"end":{"line":566,"column":25}},"566":{"start":{"line":567,"column":0},"end":{"line":567,"column":51}},"567":{"start":{"line":568,"column":0},"end":{"line":568,"column":9}},"569":{"start":{"line":570,"column":0},"end":{"line":570,"column":45}},"570":{"start":{"line":571,"column":0},"end":{"line":571,"column":38}},"571":{"start":{"line":572,"column":0},"end":{"line":572,"column":68}},"572":{"start":{"line":573,"column":0},"end":{"line":573,"column":5}},"573":{"start":{"line":574,"column":0},"end":{"line":574,"column":26}},"574":{"start":{"line":575,"column":0},"end":{"line":575,"column":35}},"575":{"start":{"line":576,"column":0},"end":{"line":576,"column":28}},"576":{"start":{"line":577,"column":0},"end":{"line":577,"column":30}},"578":{"start":{"line":579,"column":0},"end":{"line":579,"column":48}},"579":{"start":{"line":580,"column":0},"end":{"line":580,"column":26}},"580":{"start":{"line":581,"column":0},"end":{"line":581,"column":28}},"581":{"start":{"line":582,"column":0},"end":{"line":582,"column":9}},"582":{"start":{"line":583,"column":0},"end":{"line":583,"column":42}},"583":{"start":{"line":584,"column":0},"end":{"line":584,"column":26}},"584":{"start":{"line":585,"column":0},"end":{"line":585,"column":17}},"585":{"start":{"line":586,"column":0},"end":{"line":586,"column":68}},"586":{"start":{"line":587,"column":0},"end":{"line":587,"column":15}},"587":{"start":{"line":588,"column":0},"end":{"line":588,"column":29}},"588":{"start":{"line":589,"column":0},"end":{"line":589,"column":5}},"589":{"start":{"line":590,"column":0},"end":{"line":590,"column":9}},"591":{"start":{"line":592,"column":0},"end":{"line":592,"column":54}},"592":{"start":{"line":593,"column":0},"end":{"line":593,"column":36}},"593":{"start":{"line":594,"column":0},"end":{"line":594,"column":39}},"594":{"start":{"line":595,"column":0},"end":{"line":595,"column":34}},"595":{"start":{"line":596,"column":0},"end":{"line":596,"column":9}},"596":{"start":{"line":597,"column":0},"end":{"line":597,"column":93}},"597":{"start":{"line":598,"column":0},"end":{"line":598,"column":34}},"598":{"start":{"line":599,"column":0},"end":{"line":599,"column":40}},"599":{"start":{"line":600,"column":0},"end":{"line":600,"column":17}},"600":{"start":{"line":601,"column":0},"end":{"line":601,"column":74}},"601":{"start":{"line":602,"column":0},"end":{"line":602,"column":15}},"602":{"start":{"line":603,"column":0},"end":{"line":603,"column":39}},"603":{"start":{"line":604,"column":0},"end":{"line":604,"column":42}},"604":{"start":{"line":605,"column":0},"end":{"line":605,"column":5}},"605":{"start":{"line":606,"column":0},"end":{"line":606,"column":9}},"607":{"start":{"line":608,"column":0},"end":{"line":608,"column":73}},"608":{"start":{"line":609,"column":0},"end":{"line":609,"column":33}},"609":{"start":{"line":610,"column":0},"end":{"line":610,"column":9}},"610":{"start":{"line":611,"column":0},"end":{"line":611,"column":38}},"611":{"start":{"line":612,"column":0},"end":{"line":612,"column":32}},"612":{"start":{"line":613,"column":0},"end":{"line":613,"column":13}},"614":{"start":{"line":615,"column":0},"end":{"line":615,"column":5}},"615":{"start":{"line":616,"column":0},"end":{"line":616,"column":76}},"617":{"start":{"line":618,"column":0},"end":{"line":618,"column":28}},"618":{"start":{"line":619,"column":0},"end":{"line":619,"column":28}},"619":{"start":{"line":620,"column":0},"end":{"line":620,"column":25}},"620":{"start":{"line":621,"column":0},"end":{"line":621,"column":40}},"621":{"start":{"line":622,"column":0},"end":{"line":622,"column":27}},"622":{"start":{"line":623,"column":0},"end":{"line":623,"column":9}},"623":{"start":{"line":624,"column":0},"end":{"line":624,"column":39}},"624":{"start":{"line":625,"column":0},"end":{"line":625,"column":35}},"625":{"start":{"line":626,"column":0},"end":{"line":626,"column":39}},"626":{"start":{"line":627,"column":0},"end":{"line":627,"column":37}},"627":{"start":{"line":628,"column":0},"end":{"line":628,"column":9}},"628":{"start":{"line":629,"column":0},"end":{"line":629,"column":25}},"629":{"start":{"line":630,"column":0},"end":{"line":630,"column":34}},"630":{"start":{"line":631,"column":0},"end":{"line":631,"column":60}},"631":{"start":{"line":632,"column":0},"end":{"line":632,"column":42}},"632":{"start":{"line":633,"column":0},"end":{"line":633,"column":36}},"633":{"start":{"line":634,"column":0},"end":{"line":634,"column":19}},"634":{"start":{"line":635,"column":0},"end":{"line":635,"column":34}},"635":{"start":{"line":636,"column":0},"end":{"line":636,"column":24}},"636":{"start":{"line":637,"column":0},"end":{"line":637,"column":38}},"637":{"start":{"line":638,"column":0},"end":{"line":638,"column":65}},"638":{"start":{"line":639,"column":0},"end":{"line":639,"column":59}},"639":{"start":{"line":640,"column":0},"end":{"line":640,"column":75}},"640":{"start":{"line":641,"column":0},"end":{"line":641,"column":27}},"641":{"start":{"line":642,"column":0},"end":{"line":642,"column":10}},"642":{"start":{"line":643,"column":0},"end":{"line":643,"column":34}},"643":{"start":{"line":644,"column":0},"end":{"line":644,"column":76}},"644":{"start":{"line":645,"column":0},"end":{"line":645,"column":41}},"645":{"start":{"line":646,"column":0},"end":{"line":646,"column":11}},"646":{"start":{"line":647,"column":0},"end":{"line":647,"column":7}},"647":{"start":{"line":648,"column":0},"end":{"line":648,"column":13}},"649":{"start":{"line":650,"column":0},"end":{"line":650,"column":5}},"650":{"start":{"line":651,"column":0},"end":{"line":651,"column":9}},"651":{"start":{"line":652,"column":0},"end":{"line":652,"column":38}},"652":{"start":{"line":653,"column":0},"end":{"line":653,"column":22}},"653":{"start":{"line":654,"column":0},"end":{"line":654,"column":30}},"654":{"start":{"line":655,"column":0},"end":{"line":655,"column":21}},"655":{"start":{"line":656,"column":0},"end":{"line":656,"column":32}},"656":{"start":{"line":657,"column":0},"end":{"line":657,"column":22}},"657":{"start":{"line":658,"column":0},"end":{"line":658,"column":9}},"658":{"start":{"line":659,"column":0},"end":{"line":659,"column":13}},"659":{"start":{"line":660,"column":0},"end":{"line":660,"column":22}},"660":{"start":{"line":661,"column":0},"end":{"line":661,"column":30}},"661":{"start":{"line":662,"column":0},"end":{"line":662,"column":21}},"662":{"start":{"line":663,"column":0},"end":{"line":663,"column":34}},"663":{"start":{"line":664,"column":0},"end":{"line":664,"column":22}},"664":{"start":{"line":665,"column":0},"end":{"line":665,"column":9}},"665":{"start":{"line":666,"column":0},"end":{"line":666,"column":5}},"666":{"start":{"line":667,"column":0},"end":{"line":667,"column":31}},"667":{"start":{"line":668,"column":0},"end":{"line":668,"column":37}},"668":{"start":{"line":669,"column":0},"end":{"line":669,"column":25}},"669":{"start":{"line":670,"column":0},"end":{"line":670,"column":5}},"670":{"start":{"line":671,"column":0},"end":{"line":671,"column":28}},"671":{"start":{"line":672,"column":0},"end":{"line":672,"column":27}},"672":{"start":{"line":673,"column":0},"end":{"line":673,"column":27}},"673":{"start":{"line":674,"column":0},"end":{"line":674,"column":29}},"674":{"start":{"line":675,"column":0},"end":{"line":675,"column":45}},"675":{"start":{"line":676,"column":0},"end":{"line":676,"column":8}},"676":{"start":{"line":677,"column":0},"end":{"line":677,"column":6}},"677":{"start":{"line":678,"column":0},"end":{"line":678,"column":24}},"678":{"start":{"line":679,"column":0},"end":{"line":679,"column":29}},"679":{"start":{"line":680,"column":0},"end":{"line":680,"column":96}},"680":{"start":{"line":681,"column":0},"end":{"line":681,"column":80}},"681":{"start":{"line":682,"column":0},"end":{"line":682,"column":91}},"682":{"start":{"line":683,"column":0},"end":{"line":683,"column":21}},"684":{"start":{"line":685,"column":0},"end":{"line":685,"column":36}},"685":{"start":{"line":686,"column":0},"end":{"line":686,"column":86}},"686":{"start":{"line":687,"column":0},"end":{"line":687,"column":7}},"687":{"start":{"line":688,"column":0},"end":{"line":688,"column":4}},"689":{"start":{"line":690,"column":0},"end":{"line":690,"column":55}},"690":{"start":{"line":691,"column":0},"end":{"line":691,"column":32}},"691":{"start":{"line":692,"column":0},"end":{"line":692,"column":22}},"692":{"start":{"line":693,"column":0},"end":{"line":693,"column":34}},"693":{"start":{"line":694,"column":0},"end":{"line":694,"column":17}},"694":{"start":{"line":695,"column":0},"end":{"line":695,"column":7}},"695":{"start":{"line":696,"column":0},"end":{"line":696,"column":22}},"696":{"start":{"line":697,"column":0},"end":{"line":697,"column":7}},"697":{"start":{"line":698,"column":0},"end":{"line":698,"column":9}},"699":{"start":{"line":700,"column":0},"end":{"line":700,"column":46}},"700":{"start":{"line":701,"column":0},"end":{"line":701,"column":26}},"701":{"start":{"line":702,"column":0},"end":{"line":702,"column":24}},"702":{"start":{"line":703,"column":0},"end":{"line":703,"column":9}},"704":{"start":{"line":705,"column":0},"end":{"line":705,"column":74}},"705":{"start":{"line":706,"column":0},"end":{"line":706,"column":35}},"706":{"start":{"line":707,"column":0},"end":{"line":707,"column":31}},"707":{"start":{"line":708,"column":0},"end":{"line":708,"column":37}},"708":{"start":{"line":709,"column":0},"end":{"line":709,"column":22}},"709":{"start":{"line":710,"column":0},"end":{"line":710,"column":5}},"710":{"start":{"line":711,"column":0},"end":{"line":711,"column":22}},"711":{"start":{"line":712,"column":0},"end":{"line":712,"column":36}},"712":{"start":{"line":713,"column":0},"end":{"line":713,"column":60}},"713":{"start":{"line":714,"column":0},"end":{"line":714,"column":77}},"714":{"start":{"line":715,"column":0},"end":{"line":715,"column":96}},"715":{"start":{"line":716,"column":0},"end":{"line":716,"column":76}},"716":{"start":{"line":717,"column":0},"end":{"line":717,"column":41}},"717":{"start":{"line":718,"column":0},"end":{"line":718,"column":32}},"718":{"start":{"line":719,"column":0},"end":{"line":719,"column":30}},"719":{"start":{"line":720,"column":0},"end":{"line":720,"column":33}},"720":{"start":{"line":721,"column":0},"end":{"line":721,"column":22}},"721":{"start":{"line":722,"column":0},"end":{"line":722,"column":33}},"722":{"start":{"line":723,"column":0},"end":{"line":723,"column":21}},"723":{"start":{"line":724,"column":0},"end":{"line":724,"column":31}},"724":{"start":{"line":725,"column":0},"end":{"line":725,"column":44}},"725":{"start":{"line":726,"column":0},"end":{"line":726,"column":38}},"726":{"start":{"line":727,"column":0},"end":{"line":727,"column":40}},"727":{"start":{"line":728,"column":0},"end":{"line":728,"column":34}},"728":{"start":{"line":729,"column":0},"end":{"line":729,"column":53}},"729":{"start":{"line":730,"column":0},"end":{"line":730,"column":9}},"730":{"start":{"line":731,"column":0},"end":{"line":731,"column":7}},"731":{"start":{"line":732,"column":0},"end":{"line":732,"column":66}},"732":{"start":{"line":733,"column":0},"end":{"line":733,"column":40}},"733":{"start":{"line":734,"column":0},"end":{"line":734,"column":51}},"734":{"start":{"line":735,"column":0},"end":{"line":735,"column":21}},"736":{"start":{"line":737,"column":0},"end":{"line":737,"column":64}},"737":{"start":{"line":738,"column":0},"end":{"line":738,"column":71}},"738":{"start":{"line":739,"column":0},"end":{"line":739,"column":51}},"739":{"start":{"line":740,"column":0},"end":{"line":740,"column":25}},"740":{"start":{"line":741,"column":0},"end":{"line":741,"column":100}},"742":{"start":{"line":743,"column":0},"end":{"line":743,"column":49}},"743":{"start":{"line":744,"column":0},"end":{"line":744,"column":44}},"744":{"start":{"line":745,"column":0},"end":{"line":745,"column":25}},"745":{"start":{"line":746,"column":0},"end":{"line":746,"column":5}},"746":{"start":{"line":747,"column":0},"end":{"line":747,"column":42}},"747":{"start":{"line":748,"column":0},"end":{"line":748,"column":52}},"748":{"start":{"line":749,"column":0},"end":{"line":749,"column":5}},"749":{"start":{"line":750,"column":0},"end":{"line":750,"column":41}},"750":{"start":{"line":751,"column":0},"end":{"line":751,"column":43}},"751":{"start":{"line":752,"column":0},"end":{"line":752,"column":42}},"752":{"start":{"line":753,"column":0},"end":{"line":753,"column":25}},"753":{"start":{"line":754,"column":0},"end":{"line":754,"column":5}},"754":{"start":{"line":755,"column":0},"end":{"line":755,"column":42}},"755":{"start":{"line":756,"column":0},"end":{"line":756,"column":43}},"756":{"start":{"line":757,"column":0},"end":{"line":757,"column":51}},"757":{"start":{"line":758,"column":0},"end":{"line":758,"column":25}},"758":{"start":{"line":759,"column":0},"end":{"line":759,"column":5}},"759":{"start":{"line":760,"column":0},"end":{"line":760,"column":38}},"760":{"start":{"line":761,"column":0},"end":{"line":761,"column":43}},"761":{"start":{"line":762,"column":0},"end":{"line":762,"column":53}},"762":{"start":{"line":763,"column":0},"end":{"line":763,"column":25}},"763":{"start":{"line":764,"column":0},"end":{"line":764,"column":5}},"764":{"start":{"line":765,"column":0},"end":{"line":765,"column":41}},"765":{"start":{"line":766,"column":0},"end":{"line":766,"column":51}},"766":{"start":{"line":767,"column":0},"end":{"line":767,"column":52}},"767":{"start":{"line":768,"column":0},"end":{"line":768,"column":77}},"768":{"start":{"line":769,"column":0},"end":{"line":769,"column":5}},"769":{"start":{"line":770,"column":0},"end":{"line":770,"column":48}},"770":{"start":{"line":771,"column":0},"end":{"line":771,"column":23}},"771":{"start":{"line":772,"column":0},"end":{"line":772,"column":6}},"772":{"start":{"line":773,"column":0},"end":{"line":773,"column":18}},"773":{"start":{"line":774,"column":0},"end":{"line":774,"column":16}},"774":{"start":{"line":775,"column":0},"end":{"line":775,"column":18}},"775":{"start":{"line":776,"column":0},"end":{"line":776,"column":13}},"776":{"start":{"line":777,"column":0},"end":{"line":777,"column":20}},"777":{"start":{"line":778,"column":0},"end":{"line":778,"column":17}},"778":{"start":{"line":779,"column":0},"end":{"line":779,"column":26}},"779":{"start":{"line":780,"column":0},"end":{"line":780,"column":5}},"781":{"start":{"line":782,"column":0},"end":{"line":782,"column":37}},"782":{"start":{"line":783,"column":0},"end":{"line":783,"column":44}},"783":{"start":{"line":784,"column":0},"end":{"line":784,"column":23}},"784":{"start":{"line":785,"column":0},"end":{"line":785,"column":5}},"785":{"start":{"line":786,"column":0},"end":{"line":786,"column":42}},"786":{"start":{"line":787,"column":0},"end":{"line":787,"column":60}},"787":{"start":{"line":788,"column":0},"end":{"line":788,"column":5}},"788":{"start":{"line":789,"column":0},"end":{"line":789,"column":41}},"789":{"start":{"line":790,"column":0},"end":{"line":790,"column":50}},"790":{"start":{"line":791,"column":0},"end":{"line":791,"column":41}},"791":{"start":{"line":792,"column":0},"end":{"line":792,"column":35}},"792":{"start":{"line":793,"column":0},"end":{"line":793,"column":5}},"793":{"start":{"line":794,"column":0},"end":{"line":794,"column":42}},"794":{"start":{"line":795,"column":0},"end":{"line":795,"column":50}},"795":{"start":{"line":796,"column":0},"end":{"line":796,"column":80}},"796":{"start":{"line":797,"column":0},"end":{"line":797,"column":41}},"797":{"start":{"line":798,"column":0},"end":{"line":798,"column":5}},"798":{"start":{"line":799,"column":0},"end":{"line":799,"column":38}},"799":{"start":{"line":800,"column":0},"end":{"line":800,"column":50}},"800":{"start":{"line":801,"column":0},"end":{"line":801,"column":52}},"801":{"start":{"line":802,"column":0},"end":{"line":802,"column":37}},"802":{"start":{"line":803,"column":0},"end":{"line":803,"column":5}},"803":{"start":{"line":804,"column":0},"end":{"line":804,"column":48}},"804":{"start":{"line":805,"column":0},"end":{"line":805,"column":50}},"805":{"start":{"line":806,"column":0},"end":{"line":806,"column":52}},"806":{"start":{"line":807,"column":0},"end":{"line":807,"column":82}},"807":{"start":{"line":808,"column":0},"end":{"line":808,"column":5}},"808":{"start":{"line":809,"column":0},"end":{"line":809,"column":55}},"809":{"start":{"line":810,"column":0},"end":{"line":810,"column":25}},"810":{"start":{"line":811,"column":0},"end":{"line":811,"column":6}},"811":{"start":{"line":812,"column":0},"end":{"line":812,"column":18}},"812":{"start":{"line":813,"column":0},"end":{"line":813,"column":16}},"813":{"start":{"line":814,"column":0},"end":{"line":814,"column":18}},"814":{"start":{"line":815,"column":0},"end":{"line":815,"column":13}},"815":{"start":{"line":816,"column":0},"end":{"line":816,"column":20}},"816":{"start":{"line":817,"column":0},"end":{"line":817,"column":6}},"817":{"start":{"line":818,"column":0},"end":{"line":818,"column":17}},"818":{"start":{"line":819,"column":0},"end":{"line":819,"column":27}},"819":{"start":{"line":820,"column":0},"end":{"line":820,"column":30}},"820":{"start":{"line":821,"column":0},"end":{"line":821,"column":5}},"822":{"start":{"line":823,"column":0},"end":{"line":823,"column":44}},"823":{"start":{"line":824,"column":0},"end":{"line":824,"column":44}},"824":{"start":{"line":825,"column":0},"end":{"line":825,"column":13}},"825":{"start":{"line":826,"column":0},"end":{"line":826,"column":5}},"826":{"start":{"line":827,"column":0},"end":{"line":827,"column":42}},"827":{"start":{"line":828,"column":0},"end":{"line":828,"column":39}},"828":{"start":{"line":829,"column":0},"end":{"line":829,"column":13}},"829":{"start":{"line":830,"column":0},"end":{"line":830,"column":5}},"830":{"start":{"line":831,"column":0},"end":{"line":831,"column":41}},"831":{"start":{"line":832,"column":0},"end":{"line":832,"column":26}},"832":{"start":{"line":833,"column":0},"end":{"line":833,"column":13}},"833":{"start":{"line":834,"column":0},"end":{"line":834,"column":5}},"834":{"start":{"line":835,"column":0},"end":{"line":835,"column":42}},"835":{"start":{"line":836,"column":0},"end":{"line":836,"column":32}},"836":{"start":{"line":837,"column":0},"end":{"line":837,"column":13}},"837":{"start":{"line":838,"column":0},"end":{"line":838,"column":5}},"838":{"start":{"line":839,"column":0},"end":{"line":839,"column":38}},"839":{"start":{"line":840,"column":0},"end":{"line":840,"column":43}},"840":{"start":{"line":841,"column":0},"end":{"line":841,"column":13}},"841":{"start":{"line":842,"column":0},"end":{"line":842,"column":5}},"842":{"start":{"line":843,"column":0},"end":{"line":843,"column":70}},"843":{"start":{"line":844,"column":0},"end":{"line":844,"column":13}},"844":{"start":{"line":845,"column":0},"end":{"line":845,"column":5}},"845":{"start":{"line":846,"column":0},"end":{"line":846,"column":52}},"846":{"start":{"line":847,"column":0},"end":{"line":847,"column":45}},"847":{"start":{"line":848,"column":0},"end":{"line":848,"column":65}},"848":{"start":{"line":849,"column":0},"end":{"line":849,"column":14}},"849":{"start":{"line":850,"column":0},"end":{"line":850,"column":34}},"850":{"start":{"line":851,"column":0},"end":{"line":851,"column":7}},"851":{"start":{"line":852,"column":0},"end":{"line":852,"column":13}},"852":{"start":{"line":853,"column":0},"end":{"line":853,"column":5}},"853":{"start":{"line":854,"column":0},"end":{"line":854,"column":22}},"854":{"start":{"line":855,"column":0},"end":{"line":855,"column":100}},"856":{"start":{"line":857,"column":0},"end":{"line":857,"column":22}},"857":{"start":{"line":858,"column":0},"end":{"line":858,"column":98}},"858":{"start":{"line":859,"column":0},"end":{"line":859,"column":3}},"860":{"start":{"line":861,"column":0},"end":{"line":861,"column":27}},"861":{"start":{"line":862,"column":0},"end":{"line":862,"column":12}},"862":{"start":{"line":863,"column":0},"end":{"line":863,"column":23}},"863":{"start":{"line":864,"column":0},"end":{"line":864,"column":90}},"864":{"start":{"line":865,"column":0},"end":{"line":865,"column":54}},"865":{"start":{"line":866,"column":0},"end":{"line":866,"column":40}},"866":{"start":{"line":867,"column":0},"end":{"line":867,"column":39}},"867":{"start":{"line":868,"column":0},"end":{"line":868,"column":37}},"868":{"start":{"line":869,"column":0},"end":{"line":869,"column":10}},"869":{"start":{"line":870,"column":0},"end":{"line":870,"column":8}},"871":{"start":{"line":872,"column":0},"end":{"line":872,"column":3}},"873":{"start":{"line":874,"column":0},"end":{"line":874,"column":70}},"874":{"start":{"line":875,"column":0},"end":{"line":875,"column":55}},"876":{"start":{"line":877,"column":0},"end":{"line":877,"column":21}},"877":{"start":{"line":878,"column":0},"end":{"line":878,"column":39}},"878":{"start":{"line":879,"column":0},"end":{"line":879,"column":30}},"879":{"start":{"line":880,"column":0},"end":{"line":880,"column":17}},"880":{"start":{"line":881,"column":0},"end":{"line":881,"column":27}},"881":{"start":{"line":882,"column":0},"end":{"line":882,"column":39}},"882":{"start":{"line":883,"column":0},"end":{"line":883,"column":86}},"883":{"start":{"line":884,"column":0},"end":{"line":884,"column":45}},"884":{"start":{"line":885,"column":0},"end":{"line":885,"column":49}},"885":{"start":{"line":886,"column":0},"end":{"line":886,"column":53}},"886":{"start":{"line":887,"column":0},"end":{"line":887,"column":53}},"887":{"start":{"line":888,"column":0},"end":{"line":888,"column":41}},"888":{"start":{"line":889,"column":0},"end":{"line":889,"column":28}},"889":{"start":{"line":890,"column":0},"end":{"line":890,"column":31}},"890":{"start":{"line":891,"column":0},"end":{"line":891,"column":32}},"891":{"start":{"line":892,"column":0},"end":{"line":892,"column":38}},"892":{"start":{"line":893,"column":0},"end":{"line":893,"column":33}},"893":{"start":{"line":894,"column":0},"end":{"line":894,"column":52}},"894":{"start":{"line":895,"column":0},"end":{"line":895,"column":49}},"895":{"start":{"line":896,"column":0},"end":{"line":896,"column":37}},"896":{"start":{"line":897,"column":0},"end":{"line":897,"column":51}},"897":{"start":{"line":898,"column":0},"end":{"line":898,"column":72}},"898":{"start":{"line":899,"column":0},"end":{"line":899,"column":10}},"900":{"start":{"line":901,"column":0},"end":{"line":901,"column":41}},"901":{"start":{"line":902,"column":0},"end":{"line":902,"column":17}},"902":{"start":{"line":903,"column":0},"end":{"line":903,"column":46}},"903":{"start":{"line":904,"column":0},"end":{"line":904,"column":109}},"904":{"start":{"line":905,"column":0},"end":{"line":905,"column":19}},"906":{"start":{"line":907,"column":0},"end":{"line":907,"column":12}},"907":{"start":{"line":908,"column":0},"end":{"line":908,"column":17}},"908":{"start":{"line":909,"column":0},"end":{"line":909,"column":46}},"909":{"start":{"line":910,"column":0},"end":{"line":910,"column":22}},"910":{"start":{"line":911,"column":0},"end":{"line":911,"column":33}},"911":{"start":{"line":912,"column":0},"end":{"line":912,"column":41}},"912":{"start":{"line":913,"column":0},"end":{"line":913,"column":46}},"913":{"start":{"line":914,"column":0},"end":{"line":914,"column":48}},"914":{"start":{"line":915,"column":0},"end":{"line":915,"column":40}},"915":{"start":{"line":916,"column":0},"end":{"line":916,"column":37}},"916":{"start":{"line":917,"column":0},"end":{"line":917,"column":30}},"917":{"start":{"line":918,"column":0},"end":{"line":918,"column":52}},"918":{"start":{"line":919,"column":0},"end":{"line":919,"column":56}},"919":{"start":{"line":920,"column":0},"end":{"line":920,"column":50}},"920":{"start":{"line":921,"column":0},"end":{"line":921,"column":45}},"921":{"start":{"line":922,"column":0},"end":{"line":922,"column":31}},"922":{"start":{"line":923,"column":0},"end":{"line":923,"column":38}},"923":{"start":{"line":924,"column":0},"end":{"line":924,"column":36}},"924":{"start":{"line":925,"column":0},"end":{"line":925,"column":14}},"925":{"start":{"line":926,"column":0},"end":{"line":926,"column":12}},"926":{"start":{"line":927,"column":0},"end":{"line":927,"column":19}},"928":{"start":{"line":929,"column":0},"end":{"line":929,"column":5}},"929":{"start":{"line":930,"column":0},"end":{"line":930,"column":43}},"930":{"start":{"line":931,"column":0},"end":{"line":931,"column":35}},"931":{"start":{"line":932,"column":0},"end":{"line":932,"column":44}},"932":{"start":{"line":933,"column":0},"end":{"line":933,"column":20}},"933":{"start":{"line":934,"column":0},"end":{"line":934,"column":35}},"934":{"start":{"line":935,"column":0},"end":{"line":935,"column":39}},"935":{"start":{"line":936,"column":0},"end":{"line":936,"column":46}},"936":{"start":{"line":937,"column":0},"end":{"line":937,"column":36}},"937":{"start":{"line":938,"column":0},"end":{"line":938,"column":35}},"938":{"start":{"line":939,"column":0},"end":{"line":939,"column":28}},"939":{"start":{"line":940,"column":0},"end":{"line":940,"column":50}},"940":{"start":{"line":941,"column":0},"end":{"line":941,"column":54}},"941":{"start":{"line":942,"column":0},"end":{"line":942,"column":48}},"942":{"start":{"line":943,"column":0},"end":{"line":943,"column":43}},"943":{"start":{"line":944,"column":0},"end":{"line":944,"column":29}},"944":{"start":{"line":945,"column":0},"end":{"line":945,"column":36}},"945":{"start":{"line":946,"column":0},"end":{"line":946,"column":34}},"946":{"start":{"line":947,"column":0},"end":{"line":947,"column":12}},"947":{"start":{"line":948,"column":0},"end":{"line":948,"column":10}},"948":{"start":{"line":949,"column":0},"end":{"line":949,"column":17}},"950":{"start":{"line":951,"column":0},"end":{"line":951,"column":18}},"951":{"start":{"line":952,"column":0},"end":{"line":952,"column":28}},"952":{"start":{"line":953,"column":0},"end":{"line":953,"column":64}},"953":{"start":{"line":954,"column":0},"end":{"line":954,"column":67}},"954":{"start":{"line":955,"column":0},"end":{"line":955,"column":36}},"955":{"start":{"line":956,"column":0},"end":{"line":956,"column":34}},"956":{"start":{"line":957,"column":0},"end":{"line":957,"column":51}},"957":{"start":{"line":958,"column":0},"end":{"line":958,"column":8}},"959":{"start":{"line":960,"column":0},"end":{"line":960,"column":46}},"960":{"start":{"line":961,"column":0},"end":{"line":961,"column":35}},"961":{"start":{"line":962,"column":0},"end":{"line":962,"column":44}},"962":{"start":{"line":963,"column":0},"end":{"line":963,"column":20}},"963":{"start":{"line":964,"column":0},"end":{"line":964,"column":35}},"964":{"start":{"line":965,"column":0},"end":{"line":965,"column":39}},"965":{"start":{"line":966,"column":0},"end":{"line":966,"column":46}},"966":{"start":{"line":967,"column":0},"end":{"line":967,"column":38}},"967":{"start":{"line":968,"column":0},"end":{"line":968,"column":35}},"968":{"start":{"line":969,"column":0},"end":{"line":969,"column":28}},"969":{"start":{"line":970,"column":0},"end":{"line":970,"column":50}},"970":{"start":{"line":971,"column":0},"end":{"line":971,"column":54}},"971":{"start":{"line":972,"column":0},"end":{"line":972,"column":48}},"972":{"start":{"line":973,"column":0},"end":{"line":973,"column":43}},"973":{"start":{"line":974,"column":0},"end":{"line":974,"column":29}},"974":{"start":{"line":975,"column":0},"end":{"line":975,"column":36}},"975":{"start":{"line":976,"column":0},"end":{"line":976,"column":34}},"976":{"start":{"line":977,"column":0},"end":{"line":977,"column":12}},"977":{"start":{"line":978,"column":0},"end":{"line":978,"column":10}},"978":{"start":{"line":979,"column":0},"end":{"line":979,"column":17}},"980":{"start":{"line":981,"column":0},"end":{"line":981,"column":18}},"981":{"start":{"line":982,"column":0},"end":{"line":982,"column":26}},"982":{"start":{"line":983,"column":0},"end":{"line":983,"column":69}},"983":{"start":{"line":984,"column":0},"end":{"line":984,"column":64}},"984":{"start":{"line":985,"column":0},"end":{"line":985,"column":36}},"985":{"start":{"line":986,"column":0},"end":{"line":986,"column":34}},"986":{"start":{"line":987,"column":0},"end":{"line":987,"column":57}},"987":{"start":{"line":988,"column":0},"end":{"line":988,"column":8}},"989":{"start":{"line":990,"column":0},"end":{"line":990,"column":47}},"990":{"start":{"line":991,"column":0},"end":{"line":991,"column":15}},"991":{"start":{"line":992,"column":0},"end":{"line":992,"column":44}},"992":{"start":{"line":993,"column":0},"end":{"line":993,"column":27}},"993":{"start":{"line":994,"column":0},"end":{"line":994,"column":32}},"994":{"start":{"line":995,"column":0},"end":{"line":995,"column":38}},"995":{"start":{"line":996,"column":0},"end":{"line":996,"column":46}},"996":{"start":{"line":997,"column":0},"end":{"line":997,"column":52}},"997":{"start":{"line":998,"column":0},"end":{"line":998,"column":42}},"998":{"start":{"line":999,"column":0},"end":{"line":999,"column":40}},"999":{"start":{"line":1000,"column":0},"end":{"line":1000,"column":10}},"1000":{"start":{"line":1001,"column":0},"end":{"line":1001,"column":17}},"1002":{"start":{"line":1003,"column":0},"end":{"line":1003,"column":43}},"1003":{"start":{"line":1004,"column":0},"end":{"line":1004,"column":15}},"1004":{"start":{"line":1005,"column":0},"end":{"line":1005,"column":62}},"1006":{"start":{"line":1007,"column":0},"end":{"line":1007,"column":47}},"1007":{"start":{"line":1008,"column":0},"end":{"line":1008,"column":15}},"1008":{"start":{"line":1009,"column":0},"end":{"line":1009,"column":44}},"1009":{"start":{"line":1010,"column":0},"end":{"line":1010,"column":92}},"1010":{"start":{"line":1011,"column":0},"end":{"line":1011,"column":17}},"1012":{"start":{"line":1013,"column":0},"end":{"line":1013,"column":46}},"1013":{"start":{"line":1014,"column":0},"end":{"line":1014,"column":15}},"1014":{"start":{"line":1015,"column":0},"end":{"line":1015,"column":44}},"1015":{"start":{"line":1016,"column":0},"end":{"line":1016,"column":22}},"1016":{"start":{"line":1017,"column":0},"end":{"line":1017,"column":28}},"1017":{"start":{"line":1018,"column":0},"end":{"line":1018,"column":32}},"1018":{"start":{"line":1019,"column":0},"end":{"line":1019,"column":32}},"1019":{"start":{"line":1020,"column":0},"end":{"line":1020,"column":34}},"1020":{"start":{"line":1021,"column":0},"end":{"line":1021,"column":10}},"1021":{"start":{"line":1022,"column":0},"end":{"line":1022,"column":17}},"1023":{"start":{"line":1024,"column":0},"end":{"line":1024,"column":43}},"1024":{"start":{"line":1025,"column":0},"end":{"line":1025,"column":15}},"1025":{"start":{"line":1026,"column":0},"end":{"line":1026,"column":44}},"1026":{"start":{"line":1027,"column":0},"end":{"line":1027,"column":31}},"1027":{"start":{"line":1028,"column":0},"end":{"line":1028,"column":17}},"1029":{"start":{"line":1030,"column":0},"end":{"line":1030,"column":44}},"1030":{"start":{"line":1031,"column":0},"end":{"line":1031,"column":15}},"1031":{"start":{"line":1032,"column":0},"end":{"line":1032,"column":18}},"1032":{"start":{"line":1033,"column":0},"end":{"line":1033,"column":35}},"1033":{"start":{"line":1034,"column":0},"end":{"line":1034,"column":45}},"1034":{"start":{"line":1035,"column":0},"end":{"line":1035,"column":38}},"1035":{"start":{"line":1036,"column":0},"end":{"line":1036,"column":48}},"1036":{"start":{"line":1037,"column":0},"end":{"line":1037,"column":8}},"1038":{"start":{"line":1039,"column":0},"end":{"line":1039,"column":49}},"1039":{"start":{"line":1040,"column":0},"end":{"line":1040,"column":15}},"1040":{"start":{"line":1041,"column":0},"end":{"line":1041,"column":44}},"1041":{"start":{"line":1042,"column":0},"end":{"line":1042,"column":24}},"1042":{"start":{"line":1043,"column":0},"end":{"line":1043,"column":17}},"1044":{"start":{"line":1045,"column":0},"end":{"line":1045,"column":10}},"1045":{"start":{"line":1046,"column":0},"end":{"line":1046,"column":19}},"1046":{"start":{"line":1047,"column":0},"end":{"line":1047,"column":3}},"1048":{"start":{"line":1049,"column":0},"end":{"line":1049,"column":10}},"1049":{"start":{"line":1050,"column":0},"end":{"line":1050,"column":90}},"1050":{"start":{"line":1051,"column":0},"end":{"line":1051,"column":45}},"1051":{"start":{"line":1052,"column":0},"end":{"line":1052,"column":12}},"1052":{"start":{"line":1053,"column":0},"end":{"line":1053,"column":23}},"1053":{"start":{"line":1054,"column":0},"end":{"line":1054,"column":167}},"1055":{"start":{"line":1056,"column":0},"end":{"line":1056,"column":16}},"1056":{"start":{"line":1057,"column":0},"end":{"line":1057,"column":98}},"1057":{"start":{"line":1058,"column":0},"end":{"line":1058,"column":17}},"1058":{"start":{"line":1059,"column":0},"end":{"line":1059,"column":61}},"1059":{"start":{"line":1060,"column":0},"end":{"line":1060,"column":19}},"1060":{"start":{"line":1061,"column":0},"end":{"line":1061,"column":27}},"1061":{"start":{"line":1062,"column":0},"end":{"line":1062,"column":41}},"1062":{"start":{"line":1063,"column":0},"end":{"line":1063,"column":30}},"1063":{"start":{"line":1064,"column":0},"end":{"line":1064,"column":35}},"1064":{"start":{"line":1065,"column":0},"end":{"line":1065,"column":44}},"1065":{"start":{"line":1066,"column":0},"end":{"line":1066,"column":23}},"1066":{"start":{"line":1067,"column":0},"end":{"line":1067,"column":91}},"1067":{"start":{"line":1068,"column":0},"end":{"line":1068,"column":54}},"1068":{"start":{"line":1069,"column":0},"end":{"line":1069,"column":31}},"1069":{"start":{"line":1070,"column":0},"end":{"line":1070,"column":33}},"1070":{"start":{"line":1071,"column":0},"end":{"line":1071,"column":40}},"1071":{"start":{"line":1072,"column":0},"end":{"line":1072,"column":35}},"1072":{"start":{"line":1073,"column":0},"end":{"line":1073,"column":125}},"1073":{"start":{"line":1074,"column":0},"end":{"line":1074,"column":22}},"1074":{"start":{"line":1075,"column":0},"end":{"line":1075,"column":29}},"1075":{"start":{"line":1076,"column":0},"end":{"line":1076,"column":47}},"1076":{"start":{"line":1077,"column":0},"end":{"line":1077,"column":19}},"1077":{"start":{"line":1078,"column":0},"end":{"line":1078,"column":21}},"1078":{"start":{"line":1079,"column":0},"end":{"line":1079,"column":16}},"1079":{"start":{"line":1080,"column":0},"end":{"line":1080,"column":133}},"1081":{"start":{"line":1082,"column":0},"end":{"line":1082,"column":72}},"1082":{"start":{"line":1083,"column":0},"end":{"line":1083,"column":21}},"1083":{"start":{"line":1084,"column":0},"end":{"line":1084,"column":19}},"1084":{"start":{"line":1085,"column":0},"end":{"line":1085,"column":27}},"1085":{"start":{"line":1086,"column":0},"end":{"line":1086,"column":41}},"1086":{"start":{"line":1087,"column":0},"end":{"line":1087,"column":30}},"1087":{"start":{"line":1088,"column":0},"end":{"line":1088,"column":50}},"1088":{"start":{"line":1089,"column":0},"end":{"line":1089,"column":39}},"1089":{"start":{"line":1090,"column":0},"end":{"line":1090,"column":16}},"1090":{"start":{"line":1091,"column":0},"end":{"line":1091,"column":111}},"1091":{"start":{"line":1092,"column":0},"end":{"line":1092,"column":13}},"1093":{"start":{"line":1094,"column":0},"end":{"line":1094,"column":21}},"1094":{"start":{"line":1095,"column":0},"end":{"line":1095,"column":16}},"1095":{"start":{"line":1096,"column":0},"end":{"line":1096,"column":14}},"1096":{"start":{"line":1097,"column":0},"end":{"line":1097,"column":15}},"1097":{"start":{"line":1098,"column":0},"end":{"line":1098,"column":52}},"1098":{"start":{"line":1099,"column":0},"end":{"line":1099,"column":15}},"1099":{"start":{"line":1100,"column":0},"end":{"line":1100,"column":44}},"1100":{"start":{"line":1101,"column":0},"end":{"line":1101,"column":35}},"1101":{"start":{"line":1102,"column":0},"end":{"line":1102,"column":35}},"1102":{"start":{"line":1103,"column":0},"end":{"line":1103,"column":37}},"1103":{"start":{"line":1104,"column":0},"end":{"line":1104,"column":39}},"1104":{"start":{"line":1105,"column":0},"end":{"line":1105,"column":36}},"1105":{"start":{"line":1106,"column":0},"end":{"line":1106,"column":62}},"1106":{"start":{"line":1107,"column":0},"end":{"line":1107,"column":10}},"1107":{"start":{"line":1108,"column":0},"end":{"line":1108,"column":25}},"1108":{"start":{"line":1109,"column":0},"end":{"line":1109,"column":33}},"1109":{"start":{"line":1110,"column":0},"end":{"line":1110,"column":39}},"1110":{"start":{"line":1111,"column":0},"end":{"line":1111,"column":25}},"1111":{"start":{"line":1112,"column":0},"end":{"line":1112,"column":61}},"1112":{"start":{"line":1113,"column":0},"end":{"line":1113,"column":61}},"1113":{"start":{"line":1114,"column":0},"end":{"line":1114,"column":71}},"1114":{"start":{"line":1115,"column":0},"end":{"line":1115,"column":57}},"1115":{"start":{"line":1116,"column":0},"end":{"line":1116,"column":26}},"1116":{"start":{"line":1117,"column":0},"end":{"line":1117,"column":29}},"1117":{"start":{"line":1118,"column":0},"end":{"line":1118,"column":37}},"1118":{"start":{"line":1119,"column":0},"end":{"line":1119,"column":48}},"1119":{"start":{"line":1120,"column":0},"end":{"line":1120,"column":37}},"1121":{"start":{"line":1122,"column":0},"end":{"line":1122,"column":28}},"1122":{"start":{"line":1123,"column":0},"end":{"line":1123,"column":56}},"1123":{"start":{"line":1124,"column":0},"end":{"line":1124,"column":16}},"1124":{"start":{"line":1125,"column":0},"end":{"line":1125,"column":65}},"1125":{"start":{"line":1126,"column":0},"end":{"line":1126,"column":74}},"1126":{"start":{"line":1127,"column":0},"end":{"line":1127,"column":18}},"1127":{"start":{"line":1128,"column":0},"end":{"line":1128,"column":31}},"1129":{"start":{"line":1130,"column":0},"end":{"line":1130,"column":21}},"1130":{"start":{"line":1131,"column":0},"end":{"line":1131,"column":58}},"1131":{"start":{"line":1132,"column":0},"end":{"line":1132,"column":69}},"1132":{"start":{"line":1133,"column":0},"end":{"line":1133,"column":40}},"1133":{"start":{"line":1134,"column":0},"end":{"line":1134,"column":41}},"1134":{"start":{"line":1135,"column":0},"end":{"line":1135,"column":43}},"1136":{"start":{"line":1137,"column":0},"end":{"line":1137,"column":30}},"1137":{"start":{"line":1138,"column":0},"end":{"line":1138,"column":34}},"1138":{"start":{"line":1139,"column":0},"end":{"line":1139,"column":28}},"1139":{"start":{"line":1140,"column":0},"end":{"line":1140,"column":48}},"1140":{"start":{"line":1141,"column":0},"end":{"line":1141,"column":24}},"1141":{"start":{"line":1142,"column":0},"end":{"line":1142,"column":12}},"1143":{"start":{"line":1144,"column":0},"end":{"line":1144,"column":51}},"1144":{"start":{"line":1145,"column":0},"end":{"line":1145,"column":55}},"1145":{"start":{"line":1146,"column":0},"end":{"line":1146,"column":41}},"1146":{"start":{"line":1147,"column":0},"end":{"line":1147,"column":33}},"1147":{"start":{"line":1148,"column":0},"end":{"line":1148,"column":30}},"1148":{"start":{"line":1149,"column":0},"end":{"line":1149,"column":32}},"1149":{"start":{"line":1150,"column":0},"end":{"line":1150,"column":96}},"1151":{"start":{"line":1152,"column":0},"end":{"line":1152,"column":46}},"1152":{"start":{"line":1153,"column":0},"end":{"line":1153,"column":46}},"1153":{"start":{"line":1154,"column":0},"end":{"line":1154,"column":35}},"1154":{"start":{"line":1155,"column":0},"end":{"line":1155,"column":59}},"1155":{"start":{"line":1156,"column":0},"end":{"line":1156,"column":53}},"1157":{"start":{"line":1158,"column":0},"end":{"line":1158,"column":17}},"1158":{"start":{"line":1159,"column":0},"end":{"line":1159,"column":17}},"1159":{"start":{"line":1160,"column":0},"end":{"line":1160,"column":12}},"1161":{"start":{"line":1162,"column":0},"end":{"line":1162,"column":23}},"1162":{"start":{"line":1163,"column":0},"end":{"line":1163,"column":29}},"1163":{"start":{"line":1164,"column":0},"end":{"line":1164,"column":34}},"1164":{"start":{"line":1165,"column":0},"end":{"line":1165,"column":61}},"1165":{"start":{"line":1166,"column":0},"end":{"line":1166,"column":27}},"1166":{"start":{"line":1167,"column":0},"end":{"line":1167,"column":36}},"1167":{"start":{"line":1168,"column":0},"end":{"line":1168,"column":40}},"1168":{"start":{"line":1169,"column":0},"end":{"line":1169,"column":14}},"1169":{"start":{"line":1170,"column":0},"end":{"line":1170,"column":55}},"1170":{"start":{"line":1171,"column":0},"end":{"line":1171,"column":53}},"1171":{"start":{"line":1172,"column":0},"end":{"line":1172,"column":12}},"1173":{"start":{"line":1174,"column":0},"end":{"line":1174,"column":24}},"1175":{"start":{"line":1176,"column":0},"end":{"line":1176,"column":32}},"1176":{"start":{"line":1177,"column":0},"end":{"line":1177,"column":25}},"1177":{"start":{"line":1178,"column":0},"end":{"line":1178,"column":28}},"1178":{"start":{"line":1179,"column":0},"end":{"line":1179,"column":29}},"1179":{"start":{"line":1180,"column":0},"end":{"line":1180,"column":71}},"1180":{"start":{"line":1181,"column":0},"end":{"line":1181,"column":45}},"1181":{"start":{"line":1182,"column":0},"end":{"line":1182,"column":30}},"1182":{"start":{"line":1183,"column":0},"end":{"line":1183,"column":39}},"1183":{"start":{"line":1184,"column":0},"end":{"line":1184,"column":41}},"1184":{"start":{"line":1185,"column":0},"end":{"line":1185,"column":16}},"1185":{"start":{"line":1186,"column":0},"end":{"line":1186,"column":14}},"1187":{"start":{"line":1188,"column":0},"end":{"line":1188,"column":26}},"1188":{"start":{"line":1189,"column":0},"end":{"line":1189,"column":17}},"1190":{"start":{"line":1191,"column":0},"end":{"line":1191,"column":32}},"1191":{"start":{"line":1192,"column":0},"end":{"line":1192,"column":25}},"1192":{"start":{"line":1193,"column":0},"end":{"line":1193,"column":28}},"1193":{"start":{"line":1194,"column":0},"end":{"line":1194,"column":26}},"1194":{"start":{"line":1195,"column":0},"end":{"line":1195,"column":35}},"1195":{"start":{"line":1196,"column":0},"end":{"line":1196,"column":52}},"1196":{"start":{"line":1197,"column":0},"end":{"line":1197,"column":14}},"1198":{"start":{"line":1199,"column":0},"end":{"line":1199,"column":26}},"1199":{"start":{"line":1200,"column":0},"end":{"line":1200,"column":17}},"1201":{"start":{"line":1202,"column":0},"end":{"line":1202,"column":32}},"1202":{"start":{"line":1203,"column":0},"end":{"line":1203,"column":25}},"1203":{"start":{"line":1204,"column":0},"end":{"line":1204,"column":30}},"1204":{"start":{"line":1205,"column":0},"end":{"line":1205,"column":26}},"1205":{"start":{"line":1206,"column":0},"end":{"line":1206,"column":30}},"1206":{"start":{"line":1207,"column":0},"end":{"line":1207,"column":41}},"1207":{"start":{"line":1208,"column":0},"end":{"line":1208,"column":51}},"1208":{"start":{"line":1209,"column":0},"end":{"line":1209,"column":16}},"1209":{"start":{"line":1210,"column":0},"end":{"line":1210,"column":35}},"1210":{"start":{"line":1211,"column":0},"end":{"line":1211,"column":44}},"1211":{"start":{"line":1212,"column":0},"end":{"line":1212,"column":41}},"1212":{"start":{"line":1213,"column":0},"end":{"line":1213,"column":40}},"1213":{"start":{"line":1214,"column":0},"end":{"line":1214,"column":16}},"1214":{"start":{"line":1215,"column":0},"end":{"line":1215,"column":14}},"1216":{"start":{"line":1217,"column":0},"end":{"line":1217,"column":26}},"1217":{"start":{"line":1218,"column":0},"end":{"line":1218,"column":17}},"1219":{"start":{"line":1220,"column":0},"end":{"line":1220,"column":32}},"1220":{"start":{"line":1221,"column":0},"end":{"line":1221,"column":25}},"1221":{"start":{"line":1222,"column":0},"end":{"line":1222,"column":27}},"1222":{"start":{"line":1223,"column":0},"end":{"line":1223,"column":29}},"1223":{"start":{"line":1224,"column":0},"end":{"line":1224,"column":32}},"1224":{"start":{"line":1225,"column":0},"end":{"line":1225,"column":50}},"1225":{"start":{"line":1226,"column":0},"end":{"line":1226,"column":14}},"1227":{"start":{"line":1228,"column":0},"end":{"line":1228,"column":26}},"1228":{"start":{"line":1229,"column":0},"end":{"line":1229,"column":17}},"1230":{"start":{"line":1231,"column":0},"end":{"line":1231,"column":32}},"1231":{"start":{"line":1232,"column":0},"end":{"line":1232,"column":25}},"1232":{"start":{"line":1233,"column":0},"end":{"line":1233,"column":29}},"1233":{"start":{"line":1234,"column":0},"end":{"line":1234,"column":26}},"1234":{"start":{"line":1235,"column":0},"end":{"line":1235,"column":44}},"1235":{"start":{"line":1236,"column":0},"end":{"line":1236,"column":32}},"1236":{"start":{"line":1237,"column":0},"end":{"line":1237,"column":63}},"1237":{"start":{"line":1238,"column":0},"end":{"line":1238,"column":40}},"1238":{"start":{"line":1239,"column":0},"end":{"line":1239,"column":98}},"1239":{"start":{"line":1240,"column":0},"end":{"line":1240,"column":62}},"1240":{"start":{"line":1241,"column":0},"end":{"line":1241,"column":69}},"1241":{"start":{"line":1242,"column":0},"end":{"line":1242,"column":16}},"1242":{"start":{"line":1243,"column":0},"end":{"line":1243,"column":58}},"1243":{"start":{"line":1244,"column":0},"end":{"line":1244,"column":14}},"1245":{"start":{"line":1246,"column":0},"end":{"line":1246,"column":26}},"1246":{"start":{"line":1247,"column":0},"end":{"line":1247,"column":17}},"1248":{"start":{"line":1249,"column":0},"end":{"line":1249,"column":23}},"1249":{"start":{"line":1250,"column":0},"end":{"line":1250,"column":28}},"1250":{"start":{"line":1251,"column":0},"end":{"line":1251,"column":25}},"1251":{"start":{"line":1252,"column":0},"end":{"line":1252,"column":41}},"1252":{"start":{"line":1253,"column":0},"end":{"line":1253,"column":39}},"1253":{"start":{"line":1254,"column":0},"end":{"line":1254,"column":43}},"1254":{"start":{"line":1255,"column":0},"end":{"line":1255,"column":78}},"1255":{"start":{"line":1256,"column":0},"end":{"line":1256,"column":1
[...]
"72":{"start":{"line":73,"column":0},"end":{"line":73,"column":76}},"73":{"start":{"line":74,"column":0},"end":{"line":74,"column":52}},"75":{"start":{"line":76,"column":0},"end":{"line":76,"column":77}},"77":{"start":{"line":78,"column":0},"end":{"line":78,"column":56}},"78":{"start":{"line":79,"column":0},"end":{"line":79,"column":21}},"79":{"start":{"line":80,"column":0},"end":{"line":80,"column":19}},"80":{"start":{"line":81,"column":0},"end":{"line":81,"column":9}},"81":{"start":{"line":82,"column":0},"end":{"line":82,"column":53}},"82":{"start":{"line":83,"column":0},"end":{"line":83,"column":21}},"83":{"start":{"line":84,"column":0},"end":{"line":84,"column":17}},"84":{"start":{"line":85,"column":0},"end":{"line":85,"column":19}},"85":{"start":{"line":86,"column":0},"end":{"line":86,"column":59}},"86":{"start":{"line":87,"column":0},"end":{"line":87,"column":15}},"87":{"start":{"line":88,"column":0},"end":{"line":88,"column":24}},"88":{"start":{"line":89,"column":0},"end":{"line":89,"column":5}},"89":{"start":{"line":90,"column":0},"end":{"line":90,"column":9}},"91":{"start":{"line":92,"column":0},"end":{"line":92,"column":46}},"92":{"start":{"line":93,"column":0},"end":{"line":93,"column":9}},"93":{"start":{"line":94,"column":0},"end":{"line":94,"column":56}},"94":{"start":{"line":95,"column":0},"end":{"line":95,"column":13}},"95":{"start":{"line":96,"column":0},"end":{"line":96,"column":21}},"96":{"start":{"line":97,"column":0},"end":{"line":97,"column":5}},"97":{"start":{"line":98,"column":0},"end":{"line":98,"column":9}},"98":{"start":{"line":99,"column":0},"end":{"line":99,"column":49}},"99":{"start":{"line":100,"column":0},"end":{"line":100,"column":13}},"100":{"start":{"line":101,"column":0},"end":{"line":101,"column":22}},"101":{"start":{"line":102,"column":0},"end":{"line":102,"column":5}},"102":{"start":{"line":103,"column":0},"end":{"line":103,"column":32}},"103":{"start":{"line":104,"column":0},"end":{"line":104,"column":30}},"105":{"start":{"line":106,"column":0},"end":{"line":106,"column":33}},"106":{"start":{"line":107,"column":0},"end":{"line":107,"column":44}},"107":{"start":{"line":108,"column":0},"end":{"line":108,"column":27}},"108":{"start":{"line":109,"column":0},"end":{"line":109,"column":59}},"109":{"start":{"line":110,"column":0},"end":{"line":110,"column":27}},"110":{"start":{"line":111,"column":0},"end":{"line":111,"column":20}},"111":{"start":{"line":112,"column":0},"end":{"line":112,"column":26}},"112":{"start":{"line":113,"column":0},"end":{"line":113,"column":27}},"113":{"start":{"line":114,"column":0},"end":{"line":114,"column":6}},"114":{"start":{"line":115,"column":0},"end":{"line":115,"column":14}},"115":{"start":{"line":116,"column":0},"end":{"line":116,"column":4}},"117":{"start":{"line":118,"column":0},"end":{"line":118,"column":41}},"118":{"start":{"line":119,"column":0},"end":{"line":119,"column":30}},"119":{"start":{"line":120,"column":0},"end":{"line":120,"column":36}},"120":{"start":{"line":121,"column":0},"end":{"line":121,"column":22}},"121":{"start":{"line":122,"column":0},"end":{"line":122,"column":57}},"122":{"start":{"line":123,"column":0},"end":{"line":123,"column":30}},"123":{"start":{"line":124,"column":0},"end":{"line":124,"column":27}},"124":{"start":{"line":125,"column":0},"end":{"line":125,"column":20}},"125":{"start":{"line":126,"column":0},"end":{"line":126,"column":26}},"126":{"start":{"line":127,"column":0},"end":{"line":127,"column":30}},"127":{"start":{"line":128,"column":0},"end":{"line":128,"column":6}},"128":{"start":{"line":129,"column":0},"end":{"line":129,"column":27}},"129":{"start":{"line":130,"column":0},"end":{"line":130,"column":4}},"131":{"start":{"line":132,"column":0},"end":{"line":132,"column":54}},"132":{"start":{"line":133,"column":0},"end":{"line":133,"column":32}},"133":{"start":{"line":134,"column":0},"end":{"line":134,"column":54}},"134":{"start":{"line":135,"column":0},"end":{"line":135,"column":52}},"135":{"start":{"line":136,"column":0},"end":{"line":136,"column":69}},"136":{"start":{"line":137,"column":0},"end":{"line":137,"column":29}},"137":{"start":{"line":138,"column":0},"end":{"line":138,"column":7}},"138":{"start":{"line":139,"column":0},"end":{"line":139,"column":14}},"140":{"start":{"line":141,"column":0},"end":{"line":141,"column":69}},"142":{"start":{"line":143,"column":0},"end":{"line":143,"column":43}},"143":{"start":{"line":144,"column":0},"end":{"line":144,"column":98}},"144":{"start":{"line":145,"column":0},"end":{"line":145,"column":27}},"145":{"start":{"line":146,"column":0},"end":{"line":146,"column":14}},"147":{"start":{"line":148,"column":0},"end":{"line":148,"column":43}},"148":{"start":{"line":149,"column":0},"end":{"line":149,"column":9}},"149":{"start":{"line":150,"column":0},"end":{"line":150,"column":42}},"150":{"start":{"line":151,"column":0},"end":{"line":151,"column":13}},"152":{"start":{"line":153,"column":0},"end":{"line":153,"column":5}},"153":{"start":{"line":154,"column":0},"end":{"line":154,"column":9}},"155":{"start":{"line":156,"column":0},"end":{"line":156,"column":50}},"156":{"start":{"line":157,"column":0},"end":{"line":157,"column":35}},"157":{"start":{"line":158,"column":0},"end":{"line":158,"column":23}},"158":{"start":{"line":159,"column":0},"end":{"line":159,"column":32}},"159":{"start":{"line":160,"column":0},"end":{"line":160,"column":22}},"161":{"start":{"line":162,"column":0},"end":{"line":162,"column":78}},"162":{"start":{"line":163,"column":0},"end":{"line":163,"column":48}},"163":{"start":{"line":164,"column":0},"end":{"line":164,"column":54}},"164":{"start":{"line":165,"column":0},"end":{"line":165,"column":25}},"165":{"start":{"line":166,"column":0},"end":{"line":166,"column":32}},"166":{"start":{"line":167,"column":0},"end":{"line":167,"column":15}},"167":{"start":{"line":168,"column":0},"end":{"line":168,"column":52}},"169":{"start":{"line":170,"column":0},"end":{"line":170,"column":35}},"170":{"start":{"line":171,"column":0},"end":{"line":171,"column":39}},"171":{"start":{"line":172,"column":0},"end":{"line":172,"column":11}},"172":{"start":{"line":173,"column":0},"end":{"line":173,"column":64}},"173":{"start":{"line":174,"column":0},"end":{"line":174,"column":17}},"174":{"start":{"line":175,"column":0},"end":{"line":175,"column":19}},"175":{"start":{"line":176,"column":0},"end":{"line":176,"column":61}},"176":{"start":{"line":177,"column":0},"end":{"line":177,"column":20}},"177":{"start":{"line":178,"column":0},"end":{"line":178,"column":7}},"178":{"start":{"line":179,"column":0},"end":{"line":179,"column":6}},"179":{"start":{"line":180,"column":0},"end":{"line":180,"column":11}},"180":{"start":{"line":181,"column":0},"end":{"line":181,"column":4}},"182":{"start":{"line":183,"column":0},"end":{"line":183,"column":61}},"183":{"start":{"line":184,"column":0},"end":{"line":184,"column":27}},"184":{"start":{"line":185,"column":0},"end":{"line":185,"column":30}},"185":{"start":{"line":186,"column":0},"end":{"line":186,"column":25}},"186":{"start":{"line":187,"column":0},"end":{"line":187,"column":9}},"187":{"start":{"line":188,"column":0},"end":{"line":188,"column":57}},"188":{"start":{"line":189,"column":0},"end":{"line":189,"column":29}},"189":{"start":{"line":190,"column":0},"end":{"line":190,"column":13}},"190":{"start":{"line":191,"column":0},"end":{"line":191,"column":27}},"191":{"start":{"line":192,"column":0},"end":{"line":192,"column":15}},"192":{"start":{"line":193,"column":0},"end":{"line":193,"column":33}},"193":{"start":{"line":194,"column":0},"end":{"line":194,"column":5}},"194":{"start":{"line":195,"column":0},"end":{"line":195,"column":9}},"196":{"start":{"line":197,"column":0},"end":{"line":197,"column":44}},"197":{"start":{"line":198,"column":0},"end":{"line":198,"column":27}},"198":{"start":{"line":199,"column":0},"end":{"line":199,"column":25}},"199":{"start":{"line":200,"column":0},"end":{"line":200,"column":9}},"201":{"start":{"line":202,"column":0},"end":{"line":202,"column":48}},"202":{"start":{"line":203,"column":0},"end":{"line":203,"column":23}},"203":{"start":{"line":204,"column":0},"end":{"line":204,"column":18}},"204":{"start":{"line":205,"column":0},"end":{"line":205,"column":9}},"205":{"start":{"line":206,"column":0},"end":{"line":206,"column":70}},"206":{"start":{"line":207,"column":0},"end":{"line":207,"column":22}},"207":{"start":{"line":208,"column":0},"end":{"line":208,"column":26}},"208":{"start":{"line":209,"column":0},"end":{"line":209,"column":15}},"209":{"start":{"line":210,"column":0},"end":{"line":210,"column":26}},"210":{"start":{"line":211,"column":0},"end":{"line":211,"column":5}},"211":{"start":{"line":212,"column":0},"end":{"line":212,"column":14}},"213":{"start":{"line":214,"column":0},"end":{"line":214,"column":102}},"215":{"start":{"line":216,"column":0},"end":{"line":216,"column":19}},"216":{"start":{"line":217,"column":0},"end":{"line":217,"column":23}},"217":{"start":{"line":218,"column":0},"end":{"line":218,"column":11}},"218":{"start":{"line":219,"column":0},"end":{"line":219,"column":58}},"219":{"start":{"line":220,"column":0},"end":{"line":220,"column":15}},"220":{"start":{"line":221,"column":0},"end":{"line":221,"column":23}},"221":{"start":{"line":222,"column":0},"end":{"line":222,"column":7}},"222":{"start":{"line":223,"column":0},"end":{"line":223,"column":11}},"223":{"start":{"line":224,"column":0},"end":{"line":224,"column":51}},"224":{"start":{"line":225,"column":0},"end":{"line":225,"column":15}},"225":{"start":{"line":226,"column":0},"end":{"line":226,"column":24}},"226":{"start":{"line":227,"column":0},"end":{"line":227,"column":7}},"227":{"start":{"line":228,"column":0},"end":{"line":228,"column":26}},"228":{"start":{"line":229,"column":0},"end":{"line":229,"column":9}},"230":{"start":{"line":231,"column":0},"end":{"line":231,"column":9}},"232":{"start":{"line":233,"column":0},"end":{"line":233,"column":43}},"233":{"start":{"line":234,"column":0},"end":{"line":234,"column":16}},"234":{"start":{"line":235,"column":0},"end":{"line":235,"column":16}},"235":{"start":{"line":236,"column":0},"end":{"line":236,"column":10}},"236":{"start":{"line":237,"column":0},"end":{"line":237,"column":12}},"237":{"start":{"line":238,"column":0},"end":{"line":238,"column":10}},"238":{"start":{"line":239,"column":0},"end":{"line":239,"column":10}},"239":{"start":{"line":240,"column":0},"end":{"line":240,"column":11}},"240":{"start":{"line":241,"column":0},"end":{"line":241,"column":18}},"241":{"start":{"line":242,"column":0},"end":{"line":242,"column":17}},"242":{"start":{"line":243,"column":0},"end":{"line":243,"column":19}},"243":{"start":{"line":244,"column":0},"end":{"line":244,"column":18}},"244":{"start":{"line":245,"column":0},"end":{"line":245,"column":15}},"245":{"start":{"line":246,"column":0},"end":{"line":246,"column":15}},"246":{"start":{"line":247,"column":0},"end":{"line":247,"column":23}},"247":{"start":{"line":248,"column":0},"end":{"line":248,"column":12}},"248":{"start":{"line":249,"column":0},"end":{"line":249,"column":19}},"249":{"start":{"line":250,"column":0},"end":{"line":250,"column":18}},"250":{"start":{"line":251,"column":0},"end":{"line":251,"column":17}},"251":{"start":{"line":252,"column":0},"end":{"line":252,"column":18}},"252":{"start":{"line":253,"column":0},"end":{"line":253,"column":18}},"253":{"start":{"line":254,"column":0},"end":{"line":254,"column":21}},"254":{"start":{"line":255,"column":0},"end":{"line":255,"column":18}},"255":{"start":{"line":256,"column":0},"end":{"line":256,"column":19}},"256":{"start":{"line":257,"column":0},"end":{"line":257,"column":11}},"257":{"start":{"line":258,"column":0},"end":{"line":258,"column":13}},"258":{"start":{"line":259,"column":0},"end":{"line":259,"column":14}},"259":{"start":{"line":260,"column":0},"end":{"line":260,"column":17}},"260":{"start":{"line":261,"column":0},"end":{"line":261,"column":17}},"261":{"start":{"line":262,"column":0},"end":{"line":262,"column":4}},"263":{"start":{"line":264,"column":0},"end":{"line":264,"column":95}},"264":{"start":{"line":265,"column":0},"end":{"line":265,"column":1}},"266":{"start":{"line":267,"column":0},"end":{"line":267,"column":66}},"267":{"start":{"line":268,"column":0},"end":{"line":268,"column":46}},"268":{"start":{"line":269,"column":0},"end":{"line":269,"column":93}},"269":{"start":{"line":270,"column":0},"end":{"line":270,"column":13}},"270":{"start":{"line":271,"column":0},"end":{"line":271,"column":1}}},"s":{"0":1,"10":1,"22":1,"57":1,"59":1,"60":14,"61":14,"62":14,"63":14,"64":14,"65":14,"66":14,"67":14,"68":14,"69":14,"70":14,"71":14,"72":14,"73":14,"75":14,"77":14,"78":7,"79":7,"80":7,"81":7,"82":7,"83":7,"84":0,"85":0,"86":7,"87":7,"88":7,"89":14,"91":14,"92":1,"93":1,"94":1,"95":0,"96":0,"97":1,"98":1,"99":1,"100":0,"101":0,"102":1,"103":14,"105":14,"106":14,"107":1,"108":1,"109":1,"110":1,"111":1,"112":1,"113":1,"114":14,"115":14,"117":14,"118":14,"119":0,"120":0,"121":0,"122":0,"123":0,"124":0,"125":0,"126":0,"127":0,"128":14,"129":14,"131":14,"132":3,"133":3,"134":3,"135":3,"136":1,"137":3,"138":14,"140":14,"142":14,"143":0,"144":0,"145":14,"147":14,"148":0,"149":0,"150":0,"152":0,"153":14,"155":14,"156":0,"157":0,"158":0,"159":14,"161":14,"162":0,"163":0,"164":0,"165":0,"166":0,"167":14,"169":14,"170":14,"171":0,"172":0,"173":0,"174":0,"175":0,"176":0,"177":0,"178":0,"179":14,"180":14,"182":14,"183":0,"184":0,"185":0,"186":0,"187":0,"188":0,"189":0,"190":0,"191":0,"192":0,"193":0,"194":14,"196":14,"197":0,"198":0,"199":14,"201":14,"202":0,"203":0,"204":0,"205":0,"206":0,"207":0,"208":0,"209":0,"210":0,"211":14,"213":14,"215":14,"216":5,"217":5,"218":5,"219":5,"220":0,"221":0,"222":5,"223":5,"224":5,"225":0,"226":0,"227":5,"228":5,"230":14,"232":14,"233":14,"234":14,"235":14,"236":14,"237":14,"238":14,"239":14,"240":14,"241":14,"242":14,"243":14,"244":14,"245":14,"246":14,"247":14,"248":14,"249":14,"250":14,"251":14,"252":14,"253":14,"254":14,"255":14,"256":14,"257":14,"258":14,"259":14,"260":14,"261":14,"263":14,"264":14,"266":1,"267":13,"268":13,"269":13,"270":13},"branchMap":{"0":{"type":"branch","line":60,"loc":{"start":{"line":60,"column":7},"end":{"line":265,"column":1}},"locations":[{"start":{"line":60,"column":7},"end":{"line":265,"column":1}}]},"1":{"type":"branch","line":76,"loc":{"start":{"line":76,"column":30},"end":{"line":76,"column":60}},"locations":[{"start":{"line":76,"column":30},"end":{"line":76,"column":60}}]},"2":{"type":"branch","line":78,"loc":{"start":{"line":78,"column":31},"end":{"line":90,"column":5}},"locations":[{"start":{"line":78,"column":31},"end":{"line":90,"column":5}}]},"3":{"type":"branch","line":84,"loc":{"start":{"line":84,"column":4},"end":{"line":87,"column":6}},"locations":[{"start":{"line":84,"column":4},"end":{"line":87,"column":6}}]},"4":{"type":"branch","line":92,"loc":{"start":{"line":92,"column":33},"end":{"line":104,"column":5}},"locations":[{"start":{"line":92,"column":33},"end":{"line":104,"column":5}}]},"5":{"type":"branch","line":95,"loc":{"start":{"line":95,"column":4},"end":{"line":97,"column":5}},"locations":[{"start":{"line":95,"column":4},"end":{"line":97,"column":5}}]},"6":{"type":"branch","line":100,"loc":{"start":{"line":100,"column":4},"end":{"line":102,"column":5}},"locations":[{"start":{"line":100,"column":4},"end":{"line":102,"column":5}}]},"7":{"type":"branch","line":107,"loc":{"start":{"line":107,"column":4},"end":{"line":114,"column":6}},"locations":[{"start":{"line":107,"column":4},"end":{"line":114,"column":6}}]},"8":{"type":"branch","line":109,"loc":{"start":{"line":109,"column":21},"end":{"line":109,"column":57}},"locations":[{"start":{"line":109,"column":21},"end":{"line":109,"column":57}}]},"9":{"type":"branch","line":132,"loc":{"start":{"line":132,"column":35},"end":{"line":139,"column":5}},"locations":[{"start":{"line":132,"column":35},"end":{"line":139,"column":5}}]},"10":{"type":"branch","line":133,"loc":{"start":{"line":133,"column":21},"end":{"line":138,"column":5}},"locations":[{"start":{"line":133,"column":21},"end":{"line":138,"column":5}}]},"11":{"type":"branch","line":135,"loc":{"start":{"line":135,"column":10},"end":{"line":135,"column":30}},"locations":[{"start":{"line":135,"column":10},"end":{"line":135,"column":30}}]},"12":{"type":"branch","line":135,"loc":{"start":{"line":135,"column":40},"end":{"line":135,"column":52}},"locations":[{"start":{"line":135,"column":40},"end":{"line":135,"column":52}}]},"13":{"type":"branch","line":135,"loc":{"start":{"line":135,"column":47},"end":{"line":136,"column":38}},"locations":[{"start":{"line":135,"column":47},"end":{"line":136,"column":38}}]},"14":{"type":"branch","line":136,"loc":{"start":{"line":136,"column":31},"end":{"line":137,"column":29}},"locations":[{"start":{"line":136,"column":31},"end":{"line":137,"column":29}}]},"15":{"type":"branch","line":134,"loc":{"start":{"line":134,"column":30},"end":{"line":134,"column":52}},"locations":[{"start":{"line":134,"column":30},"end":{"line":134,"column":52}}]},"16":{"type":"branch","line":136,"loc":{"start":{"line":136,"column":50},"end":{"line":136,"column":67}},"locations":[{"start":{"line":136,"column":50},"end":{"line":136,"column":67}}]},"17":{"type":"branch","line":214,"loc":{"start":{"line":214,"column":31},"end":{"line":214,"column":80}},"locations":[{"start":{"line":214,"column":31},"end":{"line":214,"column":80}}]},"18":{"type":"branch","line":216,"loc":{"start":{"line":216,"column":12},"end":{"line":231,"column":5}},"locations":[{"start":{"line":216,"column":12},"end":{"line":231,"column":5}}]},"19":{"type":"branch","line":217,"loc":{"start":{"line":217,"column":10},"end":{"line":229,"column":7}},"locations":[{"start":{"line":217,"column":10},"end":{"line":229,"column":7}}]},"20":{"type":"branch","line":220,"loc":{"start":{"line":220,"column":6},"end":{"line":222,"column":7}},"locations":[{"start":{"line":220,"column":6},"end":{"line":222,"column":7}}]},"21":{"type":"branch","line":225,"loc":{"start":{"line":225,"column":6},"end":{"line":227,"column":7}},"locations":[{"start":{"line":225,"column":6},"end":{"line":227,"column":7}}]},"22":{"type":"branch","line":267,"loc":{"start":{"line":267,"column":7},"end":{"line":271,"column":1}},"locations":[{"start":{"line":267,"column":7},"end":{"line":271,"column":1}}]},"23":{"type":"branch","line":269,"loc":{"start":{"line":269,"column":12},"end":{"line":269,"column":93}},"locations":[{"start":{"line":269,"column":12},"end":{"line":269,"column":93}}]}},"b":{"0":[14],"1":[8],"2":[7],"3":[0],"4":[1],"5":[0],"6":[0],"7":[1],"8":[1],"9":[3],"10":[3],"11":[2],"12":[1],"13":[2],"14":[1],"15":[2],"16":[1],"17":[13],"18":[5],"19":[5],"20":[0],"21":[0],"22":[13],"23":[0]},"fnMap":{"0":{"name":"DiskExplorerProvider","decl":{"start":{"line":60,"column":7},"end":{"line":265,"column":1}},"loc":{"start":{"line":60,"column":7},"end":{"line":265,"column":1}},"line":60},"1":{"name":"useDiskExplorerStore","decl":{"start":{"line":267,"column":7},"end":{"line":271,"column":1}},"loc":{"start":{"line":267,"column":7},"end":{"line":271,"column":1}},"line":267}},"f":{"0":14,"1":13}}
,"/Users/metikul/Documents/cursor/macfyi/src/utils/cn.ts": {"path":"/Users/metikul/Documents/cursor/macfyi/src/utils/cn.ts","all":true,"statementMap":{"0":{"start":{"line":1,"column":0},"end":{"line":1,"column":45}},"1":{"start":{"line":2,"column":0},"end":{"line":2,"column":41}},"3":{"start":{"line":4,"column":0},"end":{"line":4,"column":45}},"4":{"start":{"line":5,"column":0},"end":{"line":5,"column":31}},"5":{"start":{"line":6,"column":0},"end":{"line":6,"column":1}}},"s":{"0":0,"1":0,"3":0,"4":0,"5":0},"branchMap":{"0":{"type":"branch","line":1,"loc":{"start":{"line":1,"column":168},"end":{"line":6,"column":1}},"locations":[{"start":{"line":1,"column":168},"end":{"line":6,"column":1}}]}},"b":{"0":[0]},"fnMap":{"0":{"name":"(empty-report)","decl":{"start":{"line":1,"column":168},"end":{"line":6,"column":1}},"loc":{"start":{"line":1,"column":168},"end":{"line":6,"column":1}},"line":1}},"f":{"0":0}}
}
